This file contains any messages produced by compilers while
running configure, to aid debugging if configure makes a mistake.

It was created by FAAC configure 1.28, which was
generated by GNU Autoconf 2.68.  Invocation command line was

  $ ./configure --host=arm-linux --prefix=/home/dzhao2x/android-ffmpeg-x264-faac-latest/output --disable-dependency-tracking --disable-shared --enable-static --with-pic --without-mp4v2

## --------- ##
## Platform. ##
## --------- ##

hostname = dzhao2x-desktop
uname -m = x86_64
uname -r = 3.5.0-23-generic
uname -s = Linux
uname -v = #35~precise1-Ubuntu SMP Fri Jan 25 17:13:26 UTC 2013

/usr/bin/uname -p = unknown
/bin/uname -X     = unknown

/bin/arch              = unknown
/usr/bin/arch -k       = unknown
/usr/convex/getsysinfo = unknown
/usr/bin/hostinfo      = unknown
/bin/machine           = unknown
/usr/bin/oslevel       = unknown
/bin/universe          = unknown

PATH: /usr/local/sbin
PATH: /usr/local/bin
PATH: /usr/sbin
PATH: /usr/bin
PATH: /sbin
PATH: /bin
PATH: /usr/games
PATH: /bin
PATH: .
PATH: ~/AppDevelopTools/android-studio/bin
PATH: /home/dzhao2x/bin
PATH: /home/dzhao2x/android-ndk-r8e
PATH: /home/dzhao2x/android-ndk-r8e
PATH: /home/dzhao2x/android-ffmpeg-x264-faac-latest//toolchain/bin


## ----------- ##
## Core tests. ##
## ----------- ##

configure:2738: checking for a BSD-compatible install
configure:2806: result: /usr/bin/install -c
configure:2817: checking whether build environment is sane
configure:2854: result: yes
configure:2916: checking for gawk
configure:2946: result: no
configure:2916: checking for mawk
configure:2932: found /usr/bin/mawk
configure:2943: result: mawk
configure:2954: checking whether make sets $(MAKE)
configure:2976: result: yes
configure:3050: checking for arm-linux-strip
configure:3077: result: arm-linux-androideabi-strip
configure:3186: checking for arm-linux-gcc
configure:3213: result: arm-linux-androideabi-gcc
configure:3482: checking for C compiler version
configure:3491: arm-linux-androideabi-gcc --version >&5
arm-linux-androideabi-gcc (GCC) 4.6 20120106 (prerelease)
Copyright (C) 2011 Free Software Foundation, Inc.
This is free software; see the source for copying conditions.  There is NO
warranty; not even for MERCHANTABILITY or FITNESS FOR A PARTICULAR PURPOSE.

configure:3502: $? = 0
configure:3491: arm-linux-androideabi-gcc -v >&5
Using built-in specs.
COLLECT_GCC=arm-linux-androideabi-gcc
COLLECT_LTO_WRAPPER=/home/dzhao2x/android-ffmpeg-x264-faac-latest/toolchain/bin/../libexec/gcc/arm-linux-androideabi/4.6/lto-wrapper
Target: arm-linux-androideabi
Configured with: /s/ndk-toolchain/src/build/../gcc/gcc-4.6/configure --prefix=/tmp/ndk-andrewhsieh/build/toolchain/prefix --target=arm-linux-androideabi --host=x86_64-linux-gnu --build=x86_64-linux-gnu --with-gnu-as --with-gnu-ld --enable-languages=c,c++ --with-gmp=/tmp/ndk-andrewhsieh/build/toolchain/temp-install --with-mpfr=/tmp/ndk-andrewhsieh/build/toolchain/temp-install --with-mpc=/tmp/ndk-andrewhsieh/build/toolchain/temp-install --with-cloog=/tmp/ndk-andrewhsieh/build/toolchain/temp-install --with-ppl=/tmp/ndk-andrewhsieh/build/toolchain/temp-install --disable-ppl-version-check --disable-cloog-version-check --enable-cloog-backend=isl --with-host-libstdcxx='-static-libgcc -Wl,-Bstatic,-lstdc++,-Bdynamic -lm' --disable-libssp --enable-threads --disable-nls --disable-libmudflap --disable-libgomp --disable-libstdc__-v3 --disable-sjlj-exceptions --disable-shared --disable-tls --disable-libitm --with-float=soft --with-fpu=vfp --with-arch=armv5te --enable-target-optspace --enable-initfini-array --disable-nls --prefix=/tmp/ndk-andrewhsieh/build/toolchain/prefix --with-sysroot=/tmp/ndk-andrewhsieh/build/toolchain/prefix/sysroot --with-binutils-version=2.21 --with-mpfr-version=3.1.1 --with-mpc-version=1.0.1 --with-gmp-version=5.0.5 --with-gcc-version=4.6 --with-gdb-version=7.3.x --with-gxx-include-dir=/tmp/ndk-andrewhsieh/build/toolchain/prefix/include/c++/4.6 --with-bugurl=http://source.android.com/source/report-bugs.html --disable-bootstrap --disable-libquadmath --enable-plugins --enable-libgomp --enable-gold --enable-graphite=yes --with-cloog-version=0.17.0 --with-ppl-version=1.0 --with-arch=armv5te --program-transform-name='s&^&arm-linux-androideabi-&' --enable-gold=default
Thread model: posix
gcc version 4.6 20120106 (prerelease) (GCC) 
configure:3502: $? = 0
configure:3491: arm-linux-androideabi-gcc -V >&5
arm-linux-androideabi-gcc: error: unrecognized option '-V'
arm-linux-androideabi-gcc: fatal error: no input files
compilation terminated.
configure:3502: $? = 1
configure:3491: arm-linux-androideabi-gcc -qversion >&5
arm-linux-androideabi-gcc: error: unrecognized option '-qversion'
arm-linux-androideabi-gcc: fatal error: no input files
compilation terminated.
configure:3502: $? = 1
configure:3522: checking whether the C compiler works
configure:3544: arm-linux-androideabi-gcc -DANDROID -D__ARM_ARCH_7__ -D__ARM_ARCH_7A__ -ffunction-sections -funwind-tables -Wno-psabi -march=armv7-a -mfloat-abi=softfp -mfpu=vfpv3-d16 -fomit-frame-pointer -fstrict-aliasing -funswitch-loops -Wa,--noexecstack -Os    conftest.c  >&5
configure:3548: $? = 0
configure:3596: result: yes
configure:3599: checking for C compiler default output file name
configure:3601: result: a.out
configure:3607: checking for suffix of executables
configure:3614: arm-linux-androideabi-gcc -o conftest -DANDROID -D__ARM_ARCH_7__ -D__ARM_ARCH_7A__ -ffunction-sections -funwind-tables -Wno-psabi -march=armv7-a -mfloat-abi=softfp -mfpu=vfpv3-d16 -fomit-frame-pointer -fstrict-aliasing -funswitch-loops -Wa,--noexecstack -Os    conftest.c  >&5
configure:3618: $? = 0
configure:3640: result: 
configure:3662: checking whether we are cross compiling
configure:3670: arm-linux-androideabi-gcc -o conftest -DANDROID -D__ARM_ARCH_7__ -D__ARM_ARCH_7A__ -ffunction-sections -funwind-tables -Wno-psabi -march=armv7-a -mfloat-abi=softfp -mfpu=vfpv3-d16 -fomit-frame-pointer -fstrict-aliasing -funswitch-loops -Wa,--noexecstack -Os    conftest.c  >&5
configure:3674: $? = 0
configure:3681: ./conftest
./configure: line 3683: ./conftest: cannot execute binary file
configure:3685: $? = 126
configure:3700: result: yes
configure:3705: checking for suffix of object files
configure:3727: arm-linux-androideabi-gcc -c -DANDROID -D__ARM_ARCH_7__ -D__ARM_ARCH_7A__ -ffunction-sections -funwind-tables -Wno-psabi -march=armv7-a -mfloat-abi=softfp -mfpu=vfpv3-d16 -fomit-frame-pointer -fstrict-aliasing -funswitch-loops -Wa,--noexecstack -Os   conftest.c >&5
configure:3731: $? = 0
configure:3752: result: o
configure:3756: checking whether we are using the GNU C compiler
configure:3775: arm-linux-androideabi-gcc -c -DANDROID -D__ARM_ARCH_7__ -D__ARM_ARCH_7A__ -ffunction-sections -funwind-tables -Wno-psabi -march=armv7-a -mfloat-abi=softfp -mfpu=vfpv3-d16 -fomit-frame-pointer -fstrict-aliasing -funswitch-loops -Wa,--noexecstack -Os   conftest.c >&5
configure:3775: $? = 0
configure:3784: result: yes
configure:3793: checking whether arm-linux-androideabi-gcc accepts -g
configure:3813: arm-linux-androideabi-gcc -c -g  conftest.c >&5
configure:3813: $? = 0
configure:3854: result: yes
configure:3871: checking for arm-linux-androideabi-gcc option to accept ISO C89
configure:3935: arm-linux-androideabi-gcc  -c -DANDROID -D__ARM_ARCH_7__ -D__ARM_ARCH_7A__ -ffunction-sections -funwind-tables -Wno-psabi -march=armv7-a -mfloat-abi=softfp -mfpu=vfpv3-d16 -fomit-frame-pointer -fstrict-aliasing -funswitch-loops -Wa,--noexecstack -Os   conftest.c >&5
configure:3935: $? = 0
configure:3948: result: none needed
configure:3979: checking for style of include used by make
configure:4007: result: GNU
configure:4035: checking dependency style of arm-linux-androideabi-gcc
configure:4125: result: none
configure:4254: checking for C++ compiler version
configure:4263: arm-linux-androideabi-g++ --version >&5
arm-linux-androideabi-g++ (GCC) 4.6 20120106 (prerelease)
Copyright (C) 2011 Free Software Foundation, Inc.
This is free software; see the source for copying conditions.  There is NO
warranty; not even for MERCHANTABILITY or FITNESS FOR A PARTICULAR PURPOSE.

configure:4274: $? = 0
configure:4263: arm-linux-androideabi-g++ -v >&5
Using built-in specs.
COLLECT_GCC=arm-linux-androideabi-g++
COLLECT_LTO_WRAPPER=/home/dzhao2x/android-ffmpeg-x264-faac-latest/toolchain/bin/../libexec/gcc/arm-linux-androideabi/4.6/lto-wrapper
Target: arm-linux-androideabi
Configured with: /s/ndk-toolchain/src/build/../gcc/gcc-4.6/configure --prefix=/tmp/ndk-andrewhsieh/build/toolchain/prefix --target=arm-linux-androideabi --host=x86_64-linux-gnu --build=x86_64-linux-gnu --with-gnu-as --with-gnu-ld --enable-languages=c,c++ --with-gmp=/tmp/ndk-andrewhsieh/build/toolchain/temp-install --with-mpfr=/tmp/ndk-andrewhsieh/build/toolchain/temp-install --with-mpc=/tmp/ndk-andrewhsieh/build/toolchain/temp-install --with-cloog=/tmp/ndk-andrewhsieh/build/toolchain/temp-install --with-ppl=/tmp/ndk-andrewhsieh/build/toolchain/temp-install --disable-ppl-version-check --disable-cloog-version-check --enable-cloog-backend=isl --with-host-libstdcxx='-static-libgcc -Wl,-Bstatic,-lstdc++,-Bdynamic -lm' --disable-libssp --enable-threads --disable-nls --disable-libmudflap --disable-libgomp --disable-libstdc__-v3 --disable-sjlj-exceptions --disable-shared --disable-tls --disable-libitm --with-float=soft --with-fpu=vfp --with-arch=armv5te --enable-target-optspace --enable-initfini-array --disable-nls --prefix=/tmp/ndk-andrewhsieh/build/toolchain/prefix --with-sysroot=/tmp/ndk-andrewhsieh/build/toolchain/prefix/sysroot --with-binutils-version=2.21 --with-mpfr-version=3.1.1 --with-mpc-version=1.0.1 --with-gmp-version=5.0.5 --with-gcc-version=4.6 --with-gdb-version=7.3.x --with-gxx-include-dir=/tmp/ndk-andrewhsieh/build/toolchain/prefix/include/c++/4.6 --with-bugurl=http://source.android.com/source/report-bugs.html --disable-bootstrap --disable-libquadmath --enable-plugins --enable-libgomp --enable-gold --enable-graphite=yes --with-cloog-version=0.17.0 --with-ppl-version=1.0 --with-arch=armv5te --program-transform-name='s&^&arm-linux-androideabi-&' --enable-gold=default
Thread model: posix
gcc version 4.6 20120106 (prerelease) (GCC) 
configure:4274: $? = 0
configure:4263: arm-linux-androideabi-g++ -V >&5
arm-linux-androideabi-g++: error: unrecognized option '-V'
arm-linux-androideabi-g++: fatal error: no input files
compilation terminated.
configure:4274: $? = 1
configure:4263: arm-linux-androideabi-g++ -qversion >&5
arm-linux-androideabi-g++: error: unrecognized option '-qversion'
arm-linux-androideabi-g++: fatal error: no input files
compilation terminated.
configure:4274: $? = 1
configure:4278: checking whether we are using the GNU C++ compiler
configure:4297: arm-linux-androideabi-g++ -c -DANDROID -D__ARM_ARCH_7__ -D__ARM_ARCH_7A__ -ffunction-sections -funwind-tables -Wno-psabi -march=armv7-a -mfloat-abi=softfp -mfpu=vfpv3-d16 -fno-exceptions -fno-rtti -mthumb -fomit-frame-pointer -fno-strict-aliasing -finline-limit=64 -Wa,--noexecstack -Os   conftest.cpp >&5
configure:4297: $? = 0
configure:4306: result: yes
configure:4315: checking whether arm-linux-androideabi-g++ accepts -g
configure:4335: arm-linux-androideabi-g++ -c -g  conftest.cpp >&5
configure:4335: $? = 0
configure:4376: result: yes
configure:4401: checking dependency style of arm-linux-androideabi-g++
configure:4491: result: none
configure:4584: checking build system type
configure:4598: result: x86_64-unknown-linux-gnu
configure:4618: checking host system type
configure:4631: result: arm-unknown-linux-gnu
configure:4651: checking for a sed that does not truncate output
configure:4705: result: /bin/sed
configure:4708: checking for grep that handles long lines and -e
configure:4766: result: /bin/grep
configure:4771: checking for egrep
configure:4833: result: /bin/grep -E
configure:4849: checking for ld used by arm-linux-androideabi-gcc
configure:4916: result: arm-linux-androideabi-ld
configure:4923: checking if the linker (arm-linux-androideabi-ld) is GNU ld
configure:4938: result: yes
configure:4943: checking for arm-linux-androideabi-ld option to reload object files
configure:4950: result: -r
configure:4968: checking for BSD-compatible nm
configure:5017: result: arm-linux-androideabi-nm
configure:5021: checking whether ln -s works
configure:5025: result: yes
configure:5032: checking how to recognise dependent libraries
configure:5208: result: pass_all
configure:5417: checking how to run the C preprocessor
configure:5448: arm-linux-androideabi-gcc -E  conftest.c
configure:5448: $? = 0
configure:5462: arm-linux-androideabi-gcc -E  conftest.c
conftest.c:11:28: fatal error: ac_nonexistent.h: No such file or directory
compilation terminated.
configure:5462: $? = 1
configure: failed program was:
| /* confdefs.h */
| #define PACKAGE_NAME "FAAC"
| #define PACKAGE_TARNAME "faac"
| #define PACKAGE_VERSION "1.28"
| #define PACKAGE_STRING "FAAC 1.28"
| #define PACKAGE_BUGREPORT "faac-dev@lists.sourceforge.net"
| #define PACKAGE_URL ""
| #define PACKAGE "faac"
| #define VERSION "1.28"
| /* end confdefs.h.  */
| #include <ac_nonexistent.h>
configure:5487: result: arm-linux-androideabi-gcc -E
configure:5507: arm-linux-androideabi-gcc -E  conftest.c
configure:5507: $? = 0
configure:5521: arm-linux-androideabi-gcc -E  conftest.c
conftest.c:11:28: fatal error: ac_nonexistent.h: No such file or directory
compilation terminated.
configure:5521: $? = 1
configure: failed program was:
| /* confdefs.h */
| #define PACKAGE_NAME "FAAC"
| #define PACKAGE_TARNAME "faac"
| #define PACKAGE_VERSION "1.28"
| #define PACKAGE_STRING "FAAC 1.28"
| #define PACKAGE_BUGREPORT "faac-dev@lists.sourceforge.net"
| #define PACKAGE_URL ""
| #define PACKAGE "faac"
| #define VERSION "1.28"
| /* end confdefs.h.  */
| #include <ac_nonexistent.h>
configure:5550: checking for ANSI C header files
configure:5570: arm-linux-androideabi-gcc -c -DANDROID -D__ARM_ARCH_7__ -D__ARM_ARCH_7A__ -ffunction-sections -funwind-tables -Wno-psabi -march=armv7-a -mfloat-abi=softfp -mfpu=vfpv3-d16 -fomit-frame-pointer -fstrict-aliasing -funswitch-loops -Wa,--noexecstack -Os   conftest.c >&5
configure:5570: $? = 0
configure:5654: result: yes
configure:5667: checking for sys/types.h
configure:5667: arm-linux-androideabi-gcc -c -DANDROID -D__ARM_ARCH_7__ -D__ARM_ARCH_7A__ -ffunction-sections -funwind-tables -Wno-psabi -march=armv7-a -mfloat-abi=softfp -mfpu=vfpv3-d16 -fomit-frame-pointer -fstrict-aliasing -funswitch-loops -Wa,--noexecstack -Os   conftest.c >&5
configure:5667: $? = 0
configure:5667: result: yes
configure:5667: checking for sys/stat.h
configure:5667: arm-linux-androideabi-gcc -c -DANDROID -D__ARM_ARCH_7__ -D__ARM_ARCH_7A__ -ffunction-sections -funwind-tables -Wno-psabi -march=armv7-a -mfloat-abi=softfp -mfpu=vfpv3-d16 -fomit-frame-pointer -fstrict-aliasing -funswitch-loops -Wa,--noexecstack -Os   conftest.c >&5
configure:5667: $? = 0
configure:5667: result: yes
configure:5667: checking for stdlib.h
configure:5667: arm-linux-androideabi-gcc -c -DANDROID -D__ARM_ARCH_7__ -D__ARM_ARCH_7A__ -ffunction-sections -funwind-tables -Wno-psabi -march=armv7-a -mfloat-abi=softfp -mfpu=vfpv3-d16 -fomit-frame-pointer -fstrict-aliasing -funswitch-loops -Wa,--noexecstack -Os   conftest.c >&5
configure:5667: $? = 0
configure:5667: result: yes
configure:5667: checking for string.h
configure:5667: arm-linux-androideabi-gcc -c -DANDROID -D__ARM_ARCH_7__ -D__ARM_ARCH_7A__ -ffunction-sections -funwind-tables -Wno-psabi -march=armv7-a -mfloat-abi=softfp -mfpu=vfpv3-d16 -fomit-frame-pointer -fstrict-aliasing -funswitch-loops -Wa,--noexecstack -Os   conftest.c >&5
configure:5667: $? = 0
configure:5667: result: yes
configure:5667: checking for memory.h
configure:5667: arm-linux-androideabi-gcc -c -DANDROID -D__ARM_ARCH_7__ -D__ARM_ARCH_7A__ -ffunction-sections -funwind-tables -Wno-psabi -march=armv7-a -mfloat-abi=softfp -mfpu=vfpv3-d16 -fomit-frame-pointer -fstrict-aliasing -funswitch-loops -Wa,--noexecstack -Os   conftest.c >&5
configure:5667: $? = 0
configure:5667: result: yes
configure:5667: checking for strings.h
configure:5667: arm-linux-androideabi-gcc -c -DANDROID -D__ARM_ARCH_7__ -D__ARM_ARCH_7A__ -ffunction-sections -funwind-tables -Wno-psabi -march=armv7-a -mfloat-abi=softfp -mfpu=vfpv3-d16 -fomit-frame-pointer -fstrict-aliasing -funswitch-loops -Wa,--noexecstack -Os   conftest.c >&5
configure:5667: $? = 0
configure:5667: result: yes
configure:5667: checking for inttypes.h
configure:5667: arm-linux-androideabi-gcc -c -DANDROID -D__ARM_ARCH_7__ -D__ARM_ARCH_7A__ -ffunction-sections -funwind-tables -Wno-psabi -march=armv7-a -mfloat-abi=softfp -mfpu=vfpv3-d16 -fomit-frame-pointer -fstrict-aliasing -funswitch-loops -Wa,--noexecstack -Os   conftest.c >&5
configure:5667: $? = 0
configure:5667: result: yes
configure:5667: checking for stdint.h
configure:5667: arm-linux-androideabi-gcc -c -DANDROID -D__ARM_ARCH_7__ -D__ARM_ARCH_7A__ -ffunction-sections -funwind-tables -Wno-psabi -march=armv7-a -mfloat-abi=softfp -mfpu=vfpv3-d16 -fomit-frame-pointer -fstrict-aliasing -funswitch-loops -Wa,--noexecstack -Os   conftest.c >&5
configure:5667: $? = 0
configure:5667: result: yes
configure:5667: checking for unistd.h
configure:5667: arm-linux-androideabi-gcc -c -DANDROID -D__ARM_ARCH_7__ -D__ARM_ARCH_7A__ -ffunction-sections -funwind-tables -Wno-psabi -march=armv7-a -mfloat-abi=softfp -mfpu=vfpv3-d16 -fomit-frame-pointer -fstrict-aliasing -funswitch-loops -Wa,--noexecstack -Os   conftest.c >&5
configure:5667: $? = 0
configure:5667: result: yes
configure:5681: checking dlfcn.h usability
configure:5681: arm-linux-androideabi-gcc -c -DANDROID -D__ARM_ARCH_7__ -D__ARM_ARCH_7A__ -ffunction-sections -funwind-tables -Wno-psabi -march=armv7-a -mfloat-abi=softfp -mfpu=vfpv3-d16 -fomit-frame-pointer -fstrict-aliasing -funswitch-loops -Wa,--noexecstack -Os   conftest.c >&5
configure:5681: $? = 0
configure:5681: result: yes
configure:5681: checking dlfcn.h presence
configure:5681: arm-linux-androideabi-gcc -E  conftest.c
configure:5681: $? = 0
configure:5681: result: yes
configure:5681: checking for dlfcn.h
configure:5681: result: yes
configure:5701: checking how to run the C++ preprocessor
configure:5728: arm-linux-androideabi-g++ -E  conftest.cpp
configure:5728: $? = 0
configure:5742: arm-linux-androideabi-g++ -E  conftest.cpp
conftest.cpp:22:28: fatal error: ac_nonexistent.h: No such file or directory
compilation terminated.
configure:5742: $? = 1
configure: failed program was:
| /* confdefs.h */
| #define PACKAGE_NAME "FAAC"
| #define PACKAGE_TARNAME "faac"
| #define PACKAGE_VERSION "1.28"
| #define PACKAGE_STRING "FAAC 1.28"
| #define PACKAGE_BUGREPORT "faac-dev@lists.sourceforge.net"
| #define PACKAGE_URL ""
| #define PACKAGE "faac"
| #define VERSION "1.28"
| #define STDC_HEADERS 1
| #define HAVE_SYS_TYPES_H 1
| #define HAVE_SYS_STAT_H 1
| #define HAVE_STDLIB_H 1
| #define HAVE_STRING_H 1
| #define HAVE_MEMORY_H 1
| #define HAVE_STRINGS_H 1
| #define HAVE_INTTYPES_H 1
| #define HAVE_STDINT_H 1
| #define HAVE_UNISTD_H 1
| #define HAVE_DLFCN_H 1
| /* end confdefs.h.  */
| #include <ac_nonexistent.h>
configure:5767: result: arm-linux-androideabi-g++ -E
configure:5787: arm-linux-androideabi-g++ -E  conftest.cpp
configure:5787: $? = 0
configure:5801: arm-linux-androideabi-g++ -E  conftest.cpp
conftest.cpp:22:28: fatal error: ac_nonexistent.h: No such file or directory
compilation terminated.
configure:5801: $? = 1
configure: failed program was:
| /* confdefs.h */
| #define PACKAGE_NAME "FAAC"
| #define PACKAGE_TARNAME "faac"
| #define PACKAGE_VERSION "1.28"
| #define PACKAGE_STRING "FAAC 1.28"
| #define PACKAGE_BUGREPORT "faac-dev@lists.sourceforge.net"
| #define PACKAGE_URL ""
| #define PACKAGE "faac"
| #define VERSION "1.28"
| #define STDC_HEADERS 1
| #define HAVE_SYS_TYPES_H 1
| #define HAVE_SYS_STAT_H 1
| #define HAVE_STDLIB_H 1
| #define HAVE_STRING_H 1
| #define HAVE_MEMORY_H 1
| #define HAVE_STRINGS_H 1
| #define HAVE_INTTYPES_H 1
| #define HAVE_STDINT_H 1
| #define HAVE_UNISTD_H 1
| #define HAVE_DLFCN_H 1
| /* end confdefs.h.  */
| #include <ac_nonexistent.h>
configure:5841: checking for arm-linux-g77
configure:5871: result: no
configure:5841: checking for arm-linux-xlf
configure:5871: result: no
configure:5841: checking for arm-linux-f77
configure:5871: result: no
configure:5841: checking for arm-linux-frt
configure:5871: result: no
configure:5841: checking for arm-linux-pgf77
configure:5871: result: no
configure:5841: checking for arm-linux-cf77
configure:5871: result: no
configure:5841: checking for arm-linux-fort77
configure:5871: result: no
configure:5841: checking for arm-linux-fl32
configure:5871: result: no
configure:5841: checking for arm-linux-af77
configure:5871: result: no
configure:5841: checking for arm-linux-xlf90
configure:5871: result: no
configure:5841: checking for arm-linux-f90
configure:5871: result: no
configure:5841: checking for arm-linux-pgf90
configure:5871: result: no
configure:5841: checking for arm-linux-pghpf
configure:5871: result: no
configure:5841: checking for arm-linux-epcf90
configure:5871: result: no
configure:5841: checking for arm-linux-gfortran
configure:5871: result: no
configure:5841: checking for arm-linux-g95
configure:5871: result: no
configure:5841: checking for arm-linux-xlf95
configure:5871: result: no
configure:5841: checking for arm-linux-f95
configure:5871: result: no
configure:5841: checking for arm-linux-fort
configure:5871: result: no
configure:5841: checking for arm-linux-ifort
configure:5871: result: no
configure:5841: checking for arm-linux-ifc
configure:5871: result: no
configure:5841: checking for arm-linux-efc
configure:5871: result: no
configure:5841: checking for arm-linux-pgfortran
configure:5871: result: no
configure:5841: checking for arm-linux-pgf95
configure:5871: result: no
configure:5841: checking for arm-linux-lf95
configure:5871: result: no
configure:5841: checking for arm-linux-ftn
configure:5871: result: no
configure:5885: checking for g77
configure:5915: result: no
configure:5885: checking for xlf
configure:5915: result: no
configure:5885: checking for f77
configure:5915: result: no
configure:5885: checking for frt
configure:5915: result: no
configure:5885: checking for pgf77
configure:5915: result: no
configure:5885: checking for cf77
configure:5915: result: no
configure:5885: checking for fort77
configure:5915: result: no
configure:5885: checking for fl32
configure:5915: result: no
configure:5885: checking for af77
configure:5915: result: no
configure:5885: checking for xlf90
configure:5915: result: no
configure:5885: checking for f90
configure:5915: result: no
configure:5885: checking for pgf90
configure:5915: result: no
configure:5885: checking for pghpf
configure:5915: result: no
configure:5885: checking for epcf90
configure:5915: result: no
configure:5885: checking for gfortran
configure:5915: result: no
configure:5885: checking for g95
configure:5915: result: no
configure:5885: checking for xlf95
configure:5915: result: no
configure:5885: checking for f95
configure:5915: result: no
configure:5885: checking for fort
configure:5915: result: no
configure:5885: checking for ifort
configure:5915: result: no
configure:5885: checking for ifc
configure:5915: result: no
configure:5885: checking for efc
configure:5915: result: no
configure:5885: checking for pgfortran
configure:5915: result: no
configure:5885: checking for pgf95
configure:5915: result: no
configure:5885: checking for lf95
configure:5915: result: no
configure:5885: checking for ftn
configure:5915: result: no
configure:5938: checking for Fortran 77 compiler version
configure:5947:  --version >&5
./configure: line 5949: --version: command not found
configure:5958: $? = 127
configure:5947:  -v >&5
./configure: line 5949: -v: command not found
configure:5958: $? = 127
configure:5947:  -V >&5
./configure: line 5949: -V: command not found
configure:5958: $? = 127
configure:5947:  -qversion >&5
./configure: line 5949: -qversion: command not found
configure:5958: $? = 127
configure:5967: checking whether we are using the GNU Fortran 77 compiler
configure:5980:  -c  conftest.F >&5
./configure: line 2116: -c: command not found
configure:5980: $? = 127
configure: failed program was:
|       program main
| #ifndef __GNUC__
|        choke me
| #endif
| 
|       end
configure:5989: result: no
configure:5995: checking whether  accepts -g
configure:6006:  -c -g conftest.f >&5
./configure: line 2116: -c: command not found
configure:6006: $? = 127
configure: failed program was:
|       program main
| 
|       end
configure:6014: result: no
configure:6048: checking the maximum length of command line arguments
configure:6157: result: 32768
configure:6168: checking command to parse arm-linux-androideabi-nm output from arm-linux-androideabi-gcc object
configure:6273: arm-linux-androideabi-gcc -c -DANDROID -D__ARM_ARCH_7__ -D__ARM_ARCH_7A__ -ffunction-sections -funwind-tables -Wno-psabi -march=armv7-a -mfloat-abi=softfp -mfpu=vfpv3-d16 -fomit-frame-pointer -fstrict-aliasing -funswitch-loops -Wa,--noexecstack -Os   conftest.c >&5
configure:6276: $? = 0
configure:6280: arm-linux-androideabi-nm conftest.o \| sed -n -e 's/^.*[ 	]\([ABCDGIRSTW][ABCDGIRSTW]*\)[ 	][ 	]*\([_A-Za-z][_A-Za-z0-9]*\)$/\1 \2 \2/p' \> conftest.nm
configure:6283: $? = 0
configure:6335: arm-linux-androideabi-gcc -o conftest -DANDROID -D__ARM_ARCH_7__ -D__ARM_ARCH_7A__ -ffunction-sections -funwind-tables -Wno-psabi -march=armv7-a -mfloat-abi=softfp -mfpu=vfpv3-d16 -fomit-frame-pointer -fstrict-aliasing -funswitch-loops -Wa,--noexecstack -Os    conftest.c conftstm.o >&5
configure:6338: $? = 0
configure:6376: result: ok
configure:6380: checking for objdir
configure:6395: result: .libs
configure:6447: checking for arm-linux-ar
configure:6474: result: arm-linux-androideabi-ar
configure:6539: checking for arm-linux-ranlib
configure:6566: result: arm-linux-androideabi-ranlib
configure:6631: checking for arm-linux-strip
configure:6658: result: arm-linux-androideabi-strip
configure:6980: checking if arm-linux-androideabi-gcc supports -fno-rtti -fno-exceptions
configure:6998: arm-linux-androideabi-gcc -c -DANDROID -D__ARM_ARCH_7__ -D__ARM_ARCH_7A__ -ffunction-sections -funwind-tables -Wno-psabi -march=armv7-a -mfloat-abi=softfp -mfpu=vfpv3-d16 -fomit-frame-pointer -fstrict-aliasing -funswitch-loops -Wa,--noexecstack -Os   -fno-rtti -fno-exceptions conftest.c >&5
cc1: warning: command line option '-fno-rtti' is valid for C++/ObjC++ but not for C [enabled by default]
configure:7002: $? = 0
configure:7015: result: no
configure:7030: checking for arm-linux-androideabi-gcc option to produce PIC
configure:7240: result: -fPIC
configure:7248: checking if arm-linux-androideabi-gcc PIC flag -fPIC works
configure:7266: arm-linux-androideabi-gcc -c -DANDROID -D__ARM_ARCH_7__ -D__ARM_ARCH_7A__ -ffunction-sections -funwind-tables -Wno-psabi -march=armv7-a -mfloat-abi=softfp -mfpu=vfpv3-d16 -fomit-frame-pointer -fstrict-aliasing -funswitch-loops -Wa,--noexecstack -Os   -fPIC -DPIC conftest.c >&5
configure:7270: $? = 0
configure:7283: result: yes
configure:7311: checking if arm-linux-androideabi-gcc static flag -static works
configure:7339: result: yes
configure:7349: checking if arm-linux-androideabi-gcc supports -c -o file.o
configure:7370: arm-linux-androideabi-gcc -c -DANDROID -D__ARM_ARCH_7__ -D__ARM_ARCH_7A__ -ffunction-sections -funwind-tables -Wno-psabi -march=armv7-a -mfloat-abi=softfp -mfpu=vfpv3-d16 -fomit-frame-pointer -fstrict-aliasing -funswitch-loops -Wa,--noexecstack -Os   -o out/conftest2.o conftest.c >&5
configure:7374: $? = 0
configure:7396: result: yes
configure:7422: checking whether the arm-linux-androideabi-gcc linker (arm-linux-androideabi-ld) supports shared libraries
configure:8323: result: yes
configure:8390: checking dynamic linker characteristics
configure:8966: result: GNU/Linux ld.so
configure:8975: checking how to hardcode library paths into programs
configure:9000: result: immediate
configure:9014: checking whether stripping libraries is possible
configure:9019: result: yes
configure:9535: checking if libtool supports shared libraries
configure:9537: result: yes
configure:9540: checking whether to build shared libraries
configure:9561: result: no
configure:9564: checking whether to build static libraries
configure:9568: result: yes
configure:9660: creating libtool
configure:10244: checking for ld used by arm-linux-androideabi-g++
configure:10311: result: arm-linux-androideabi-ld
configure:10318: checking if the linker (arm-linux-androideabi-ld) is GNU ld
configure:10333: result: yes
configure:10384: checking whether the arm-linux-androideabi-g++ linker (arm-linux-androideabi-ld) supports shared libraries
configure:11264: result: yes
configure:11282: arm-linux-androideabi-g++ -c -DANDROID -D__ARM_ARCH_7__ -D__ARM_ARCH_7A__ -ffunction-sections -funwind-tables -Wno-psabi -march=armv7-a -mfloat-abi=softfp -mfpu=vfpv3-d16 -fno-exceptions -fno-rtti -mthumb -fomit-frame-pointer -fno-strict-aliasing -finline-limit=64 -Wa,--noexecstack -Os   conftest.cpp >&5
configure:11285: $? = 0
configure:11404: checking for arm-linux-androideabi-g++ option to produce PIC
configure:11678: result: -fPIC
configure:11686: checking if arm-linux-androideabi-g++ PIC flag -fPIC works
configure:11704: arm-linux-androideabi-g++ -c -DANDROID -D__ARM_ARCH_7__ -D__ARM_ARCH_7A__ -ffunction-sections -funwind-tables -Wno-psabi -march=armv7-a -mfloat-abi=softfp -mfpu=vfpv3-d16 -fno-exceptions -fno-rtti -mthumb -fomit-frame-pointer -fno-strict-aliasing -finline-limit=64 -Wa,--noexecstack -Os   -fPIC -DPIC conftest.cpp >&5
configure:11708: $? = 0
configure:11721: result: yes
configure:11749: checking if arm-linux-androideabi-g++ static flag -static works
configure:11777: result: yes
configure:11787: checking if arm-linux-androideabi-g++ supports -c -o file.o
configure:11808: arm-linux-androideabi-g++ -c -DANDROID -D__ARM_ARCH_7__ -D__ARM_ARCH_7A__ -ffunction-sections -funwind-tables -Wno-psabi -march=armv7-a -mfloat-abi=softfp -mfpu=vfpv3-d16 -fno-exceptions -fno-rtti -mthumb -fomit-frame-pointer -fno-strict-aliasing -finline-limit=64 -Wa,--noexecstack -Os   -o out/conftest2.o conftest.cpp >&5
configure:11812: $? = 0
configure:11834: result: yes
configure:11860: checking whether the arm-linux-androideabi-g++ linker (arm-linux-androideabi-ld) supports shared libraries
configure:11888: result: yes
configure:11955: checking dynamic linker characteristics
configure:12531: result: GNU/Linux ld.so
configure:12540: checking how to hardcode library paths into programs
configure:12565: result: immediate
configure:18582: checking getopt.h usability
configure:18582: arm-linux-androideabi-gcc -c -DANDROID -D__ARM_ARCH_7__ -D__ARM_ARCH_7A__ -ffunction-sections -funwind-tables -Wno-psabi -march=armv7-a -mfloat-abi=softfp -mfpu=vfpv3-d16 -fomit-frame-pointer -fstrict-aliasing -funswitch-loops -Wa,--noexecstack -Os   conftest.c >&5
configure:18582: $? = 0
configure:18582: result: yes
configure:18582: checking getopt.h presence
configure:18582: arm-linux-androideabi-gcc -E  conftest.c
configure:18582: $? = 0
configure:18582: result: yes
configure:18582: checking for getopt.h
configure:18582: result: yes
configure:18593: checking for u_int32_t
configure:18593: arm-linux-androideabi-gcc -c -DANDROID -D__ARM_ARCH_7__ -D__ARM_ARCH_7A__ -ffunction-sections -funwind-tables -Wno-psabi -march=armv7-a -mfloat-abi=softfp -mfpu=vfpv3-d16 -fomit-frame-pointer -fstrict-aliasing -funswitch-loops -Wa,--noexecstack -Os   conftest.c >&5
configure:18593: $? = 0
configure:18593: arm-linux-androideabi-gcc -c -DANDROID -D__ARM_ARCH_7__ -D__ARM_ARCH_7A__ -ffunction-sections -funwind-tables -Wno-psabi -march=armv7-a -mfloat-abi=softfp -mfpu=vfpv3-d16 -fomit-frame-pointer -fstrict-aliasing -funswitch-loops -Wa,--noexecstack -Os   conftest.c >&5
conftest.c: In function 'main':
conftest.c:59:24: error: expected expression before ')' token
configure:18593: $? = 1
configure: failed program was:
| /* confdefs.h */
| #define PACKAGE_NAME "FAAC"
| #define PACKAGE_TARNAME "faac"
| #define PACKAGE_VERSION "1.28"
| #define PACKAGE_STRING "FAAC 1.28"
| #define PACKAGE_BUGREPORT "faac-dev@lists.sourceforge.net"
| #define PACKAGE_URL ""
| #define PACKAGE "faac"
| #define VERSION "1.28"
| #define STDC_HEADERS 1
| #define HAVE_SYS_TYPES_H 1
| #define HAVE_SYS_STAT_H 1
| #define HAVE_STDLIB_H 1
| #define HAVE_STRING_H 1
| #define HAVE_MEMORY_H 1
| #define HAVE_STRINGS_H 1
| #define HAVE_INTTYPES_H 1
| #define HAVE_STDINT_H 1
| #define HAVE_UNISTD_H 1
| #define HAVE_DLFCN_H 1
| #define HAVE_GETOPT_H 1
| /* end confdefs.h.  */
| #include <stdio.h>
| #ifdef HAVE_SYS_TYPES_H
| # include <sys/types.h>
| #endif
| #ifdef HAVE_SYS_STAT_H
| # include <sys/stat.h>
| #endif
| #ifdef STDC_HEADERS
| # include <stdlib.h>
| # include <stddef.h>
| #else
| # ifdef HAVE_STDLIB_H
| #  include <stdlib.h>
| # endif
| #endif
| #ifdef HAVE_STRING_H
| # if !defined STDC_HEADERS && defined HAVE_MEMORY_H
| #  include <memory.h>
| # endif
| # include <string.h>
| #endif
| #ifdef HAVE_STRINGS_H
| # include <strings.h>
| #endif
| #ifdef HAVE_INTTYPES_H
| # include <inttypes.h>
| #endif
| #ifdef HAVE_STDINT_H
| # include <stdint.h>
| #endif
| #ifdef HAVE_UNISTD_H
| # include <unistd.h>
| #endif
| int
| main ()
| {
| if (sizeof ((u_int32_t)))
| 	    return 0;
|   ;
|   return 0;
| }
configure:18593: result: yes
configure:18603: checking for u_int16_t
configure:18603: arm-linux-androideabi-gcc -c -DANDROID -D__ARM_ARCH_7__ -D__ARM_ARCH_7A__ -ffunction-sections -funwind-tables -Wno-psabi -march=armv7-a -mfloat-abi=softfp -mfpu=vfpv3-d16 -fomit-frame-pointer -fstrict-aliasing -funswitch-loops -Wa,--noexecstack -Os   conftest.c >&5
configure:18603: $? = 0
configure:18603: arm-linux-androideabi-gcc -c -DANDROID -D__ARM_ARCH_7__ -D__ARM_ARCH_7A__ -ffunction-sections -funwind-tables -Wno-psabi -march=armv7-a -mfloat-abi=softfp -mfpu=vfpv3-d16 -fomit-frame-pointer -fstrict-aliasing -funswitch-loops -Wa,--noexecstack -Os   conftest.c >&5
conftest.c: In function 'main':
conftest.c:60:24: error: expected expression before ')' token
configure:18603: $? = 1
configure: failed program was:
| /* confdefs.h */
| #define PACKAGE_NAME "FAAC"
| #define PACKAGE_TARNAME "faac"
| #define PACKAGE_VERSION "1.28"
| #define PACKAGE_STRING "FAAC 1.28"
| #define PACKAGE_BUGREPORT "faac-dev@lists.sourceforge.net"
| #define PACKAGE_URL ""
| #define PACKAGE "faac"
| #define VERSION "1.28"
| #define STDC_HEADERS 1
| #define HAVE_SYS_TYPES_H 1
| #define HAVE_SYS_STAT_H 1
| #define HAVE_STDLIB_H 1
| #define HAVE_STRING_H 1
| #define HAVE_MEMORY_H 1
| #define HAVE_STRINGS_H 1
| #define HAVE_INTTYPES_H 1
| #define HAVE_STDINT_H 1
| #define HAVE_UNISTD_H 1
| #define HAVE_DLFCN_H 1
| #define HAVE_GETOPT_H 1
| #define HAVE_U_INT32_T 1
| /* end confdefs.h.  */
| #include <stdio.h>
| #ifdef HAVE_SYS_TYPES_H
| # include <sys/types.h>
| #endif
| #ifdef HAVE_SYS_STAT_H
| # include <sys/stat.h>
| #endif
| #ifdef STDC_HEADERS
| # include <stdlib.h>
| # include <stddef.h>
| #else
| # ifdef HAVE_STDLIB_H
| #  include <stdlib.h>
| # endif
| #endif
| #ifdef HAVE_STRING_H
| # if !defined STDC_HEADERS && defined HAVE_MEMORY_H
| #  include <memory.h>
| # endif
| # include <string.h>
| #endif
| #ifdef HAVE_STRINGS_H
| # include <strings.h>
| #endif
| #ifdef HAVE_INTTYPES_H
| # include <inttypes.h>
| #endif
| #ifdef HAVE_STDINT_H
| # include <stdint.h>
| #endif
| #ifdef HAVE_UNISTD_H
| # include <unistd.h>
| #endif
| int
| main ()
| {
| if (sizeof ((u_int16_t)))
| 	    return 0;
|   ;
|   return 0;
| }
configure:18603: result: yes
configure:18613: checking for int32_t
configure:18613: arm-linux-androideabi-gcc -c -DANDROID -D__ARM_ARCH_7__ -D__ARM_ARCH_7A__ -ffunction-sections -funwind-tables -Wno-psabi -march=armv7-a -mfloat-abi=softfp -mfpu=vfpv3-d16 -fomit-frame-pointer -fstrict-aliasing -funswitch-loops -Wa,--noexecstack -Os   conftest.c >&5
configure:18613: $? = 0
configure:18613: arm-linux-androideabi-gcc -c -DANDROID -D__ARM_ARCH_7__ -D__ARM_ARCH_7A__ -ffunction-sections -funwind-tables -Wno-psabi -march=armv7-a -mfloat-abi=softfp -mfpu=vfpv3-d16 -fomit-frame-pointer -fstrict-aliasing -funswitch-loops -Wa,--noexecstack -Os   conftest.c >&5
conftest.c: In function 'main':
conftest.c:61:22: error: expected expression before ')' token
configure:18613: $? = 1
configure: failed program was:
| /* confdefs.h */
| #define PACKAGE_NAME "FAAC"
| #define PACKAGE_TARNAME "faac"
| #define PACKAGE_VERSION "1.28"
| #define PACKAGE_STRING "FAAC 1.28"
| #define PACKAGE_BUGREPORT "faac-dev@lists.sourceforge.net"
| #define PACKAGE_URL ""
| #define PACKAGE "faac"
| #define VERSION "1.28"
| #define STDC_HEADERS 1
| #define HAVE_SYS_TYPES_H 1
| #define HAVE_SYS_STAT_H 1
| #define HAVE_STDLIB_H 1
| #define HAVE_STRING_H 1
| #define HAVE_MEMORY_H 1
| #define HAVE_STRINGS_H 1
| #define HAVE_INTTYPES_H 1
| #define HAVE_STDINT_H 1
| #define HAVE_UNISTD_H 1
| #define HAVE_DLFCN_H 1
| #define HAVE_GETOPT_H 1
| #define HAVE_U_INT32_T 1
| #define HAVE_U_INT16_T 1
| /* end confdefs.h.  */
| #include <stdio.h>
| #ifdef HAVE_SYS_TYPES_H
| # include <sys/types.h>
| #endif
| #ifdef HAVE_SYS_STAT_H
| # include <sys/stat.h>
| #endif
| #ifdef STDC_HEADERS
| # include <stdlib.h>
| # include <stddef.h>
| #else
| # ifdef HAVE_STDLIB_H
| #  include <stdlib.h>
| # endif
| #endif
| #ifdef HAVE_STRING_H
| # if !defined STDC_HEADERS && defined HAVE_MEMORY_H
| #  include <memory.h>
| # endif
| # include <string.h>
| #endif
| #ifdef HAVE_STRINGS_H
| # include <strings.h>
| #endif
| #ifdef HAVE_INTTYPES_H
| # include <inttypes.h>
| #endif
| #ifdef HAVE_STDINT_H
| # include <stdint.h>
| #endif
| #ifdef HAVE_UNISTD_H
| # include <unistd.h>
| #endif
| int
| main ()
| {
| if (sizeof ((int32_t)))
| 	    return 0;
|   ;
|   return 0;
| }
configure:18613: result: yes
configure:18623: checking for int16_t
configure:18623: arm-linux-androideabi-gcc -c -DANDROID -D__ARM_ARCH_7__ -D__ARM_ARCH_7A__ -ffunction-sections -funwind-tables -Wno-psabi -march=armv7-a -mfloat-abi=softfp -mfpu=vfpv3-d16 -fomit-frame-pointer -fstrict-aliasing -funswitch-loops -Wa,--noexecstack -Os   conftest.c >&5
configure:18623: $? = 0
configure:18623: arm-linux-androideabi-gcc -c -DANDROID -D__ARM_ARCH_7__ -D__ARM_ARCH_7A__ -ffunction-sections -funwind-tables -Wno-psabi -march=armv7-a -mfloat-abi=softfp -mfpu=vfpv3-d16 -fomit-frame-pointer -fstrict-aliasing -funswitch-loops -Wa,--noexecstack -Os   conftest.c >&5
conftest.c: In function 'main':
conftest.c:62:22: error: expected expression before ')' token
configure:18623: $? = 1
configure: failed program was:
| /* confdefs.h */
| #define PACKAGE_NAME "FAAC"
| #define PACKAGE_TARNAME "faac"
| #define PACKAGE_VERSION "1.28"
| #define PACKAGE_STRING "FAAC 1.28"
| #define PACKAGE_BUGREPORT "faac-dev@lists.sourceforge.net"
| #define PACKAGE_URL ""
| #define PACKAGE "faac"
| #define VERSION "1.28"
| #define STDC_HEADERS 1
| #define HAVE_SYS_TYPES_H 1
| #define HAVE_SYS_STAT_H 1
| #define HAVE_STDLIB_H 1
| #define HAVE_STRING_H 1
| #define HAVE_MEMORY_H 1
| #define HAVE_STRINGS_H 1
| #define HAVE_INTTYPES_H 1
| #define HAVE_STDINT_H 1
| #define HAVE_UNISTD_H 1
| #define HAVE_DLFCN_H 1
| #define HAVE_GETOPT_H 1
| #define HAVE_U_INT32_T 1
| #define HAVE_U_INT16_T 1
| #define HAVE_INT32_T 1
| /* end confdefs.h.  */
| #include <stdio.h>
| #ifdef HAVE_SYS_TYPES_H
| # include <sys/types.h>
| #endif
| #ifdef HAVE_SYS_STAT_H
| # include <sys/stat.h>
| #endif
| #ifdef STDC_HEADERS
| # include <stdlib.h>
| # include <stddef.h>
| #else
| # ifdef HAVE_STDLIB_H
| #  include <stdlib.h>
| # endif
| #endif
| #ifdef HAVE_STRING_H
| # if !defined STDC_HEADERS && defined HAVE_MEMORY_H
| #  include <memory.h>
| # endif
| # include <string.h>
| #endif
| #ifdef HAVE_STRINGS_H
| # include <strings.h>
| #endif
| #ifdef HAVE_INTTYPES_H
| # include <inttypes.h>
| #endif
| #ifdef HAVE_STDINT_H
| # include <stdint.h>
| #endif
| #ifdef HAVE_UNISTD_H
| # include <unistd.h>
| #endif
| int
| main ()
| {
| if (sizeof ((int16_t)))
| 	    return 0;
|   ;
|   return 0;
| }
configure:18623: result: yes
configure:18634: checking whether strcasecmp is declared
configure:18634: arm-linux-androideabi-gcc -c -DANDROID -D__ARM_ARCH_7__ -D__ARM_ARCH_7A__ -ffunction-sections -funwind-tables -Wno-psabi -march=armv7-a -mfloat-abi=softfp -mfpu=vfpv3-d16 -fomit-frame-pointer -fstrict-aliasing -funswitch-loops -Wa,--noexecstack -Os   conftest.c >&5
configure:18634: $? = 0
configure:18634: result: yes
configure:18642: checking for getopt_long in -lgnugetopt
configure:18667: arm-linux-androideabi-gcc -o conftest -DANDROID -D__ARM_ARCH_7__ -D__ARM_ARCH_7A__ -ffunction-sections -funwind-tables -Wno-psabi -march=armv7-a -mfloat-abi=softfp -mfpu=vfpv3-d16 -fomit-frame-pointer -fstrict-aliasing -funswitch-loops -Wa,--noexecstack -Os    conftest.c -lgnugetopt   >&5
/home/dzhao2x/android-ffmpeg-x264-faac-latest/toolchain/bin/../lib/gcc/arm-linux-androideabi/4.6/../../../../arm-linux-androideabi/bin/ld: error: cannot find -lgnugetopt
collect2: ld returned 1 exit status
configure:18667: $? = 1
configure: failed program was:
| /* confdefs.h */
| #define PACKAGE_NAME "FAAC"
| #define PACKAGE_TARNAME "faac"
| #define PACKAGE_VERSION "1.28"
| #define PACKAGE_STRING "FAAC 1.28"
| #define PACKAGE_BUGREPORT "faac-dev@lists.sourceforge.net"
| #define PACKAGE_URL ""
| #define PACKAGE "faac"
| #define VERSION "1.28"
| #define STDC_HEADERS 1
| #define HAVE_SYS_TYPES_H 1
| #define HAVE_SYS_STAT_H 1
| #define HAVE_STDLIB_H 1
| #define HAVE_STRING_H 1
| #define HAVE_MEMORY_H 1
| #define HAVE_STRINGS_H 1
| #define HAVE_INTTYPES_H 1
| #define HAVE_STDINT_H 1
| #define HAVE_UNISTD_H 1
| #define HAVE_DLFCN_H 1
| #define HAVE_GETOPT_H 1
| #define HAVE_U_INT32_T 1
| #define HAVE_U_INT16_T 1
| #define HAVE_INT32_T 1
| #define HAVE_INT16_T 1
| #define HAVE_STRCASECMP 1
| /* end confdefs.h.  */
| 
| /* Override any GCC internal prototype to avoid an error.
|    Use char because int might match the return type of a GCC
|    builtin and then its argument prototype would still apply.  */
| #ifdef __cplusplus
| extern "C"
| #endif
| char getopt_long ();
| int
| main ()
| {
| return getopt_long ();
|   ;
|   return 0;
| }
configure:18676: result: no
configure:18699: checking whether MP4Create is declared
configure:18699: arm-linux-androideabi-gcc -c -DANDROID -D__ARM_ARCH_7__ -D__ARM_ARCH_7A__ -ffunction-sections -funwind-tables -Wno-psabi -march=armv7-a -mfloat-abi=softfp -mfpu=vfpv3-d16 -fomit-frame-pointer -fstrict-aliasing -funswitch-loops -Wa,--noexecstack -Os   conftest.c >&5
conftest.c:28:17: fatal error: mp4.h: No such file or directory
compilation terminated.
configure:18699: $? = 1
configure: failed program was:
| /* confdefs.h */
| #define PACKAGE_NAME "FAAC"
| #define PACKAGE_TARNAME "faac"
| #define PACKAGE_VERSION "1.28"
| #define PACKAGE_STRING "FAAC 1.28"
| #define PACKAGE_BUGREPORT "faac-dev@lists.sourceforge.net"
| #define PACKAGE_URL ""
| #define PACKAGE "faac"
| #define VERSION "1.28"
| #define STDC_HEADERS 1
| #define HAVE_SYS_TYPES_H 1
| #define HAVE_SYS_STAT_H 1
| #define HAVE_STDLIB_H 1
| #define HAVE_STRING_H 1
| #define HAVE_MEMORY_H 1
| #define HAVE_STRINGS_H 1
| #define HAVE_INTTYPES_H 1
| #define HAVE_STDINT_H 1
| #define HAVE_UNISTD_H 1
| #define HAVE_DLFCN_H 1
| #define HAVE_GETOPT_H 1
| #define HAVE_U_INT32_T 1
| #define HAVE_U_INT16_T 1
| #define HAVE_INT32_T 1
| #define HAVE_INT16_T 1
| #define HAVE_STRCASECMP 1
| /* end confdefs.h.  */
| #include <mp4.h>
| 
| int
| main ()
| {
| #ifndef MP4Create
| #ifdef __cplusplus
|   (void) MP4Create;
| #else
|   (void) MP4Create;
| #endif
| #endif
| 
|   ;
|   return 0;
| }
configure:18699: result: no
configure:18756: checking whether MP4MetadataDelete is declared
configure:18756: arm-linux-androideabi-gcc -c -DANDROID -D__ARM_ARCH_7__ -D__ARM_ARCH_7A__ -ffunction-sections -funwind-tables -Wno-psabi -march=armv7-a -mfloat-abi=softfp -mfpu=vfpv3-d16 -fomit-frame-pointer -fstrict-aliasing -funswitch-loops -Wa,--noexecstack -Os   conftest.c >&5
conftest.c:29:17: fatal error: mp4.h: No such file or directory
compilation terminated.
configure:18756: $? = 1
configure: failed program was:
| /* confdefs.h */
| #define PACKAGE_NAME "FAAC"
| #define PACKAGE_TARNAME "faac"
| #define PACKAGE_VERSION "1.28"
| #define PACKAGE_STRING "FAAC 1.28"
| #define PACKAGE_BUGREPORT "faac-dev@lists.sourceforge.net"
| #define PACKAGE_URL ""
| #define PACKAGE "faac"
| #define VERSION "1.28"
| #define STDC_HEADERS 1
| #define HAVE_SYS_TYPES_H 1
| #define HAVE_SYS_STAT_H 1
| #define HAVE_STDLIB_H 1
| #define HAVE_STRING_H 1
| #define HAVE_MEMORY_H 1
| #define HAVE_STRINGS_H 1
| #define HAVE_INTTYPES_H 1
| #define HAVE_STDINT_H 1
| #define HAVE_UNISTD_H 1
| #define HAVE_DLFCN_H 1
| #define HAVE_GETOPT_H 1
| #define HAVE_U_INT32_T 1
| #define HAVE_U_INT16_T 1
| #define HAVE_INT32_T 1
| #define HAVE_INT16_T 1
| #define HAVE_STRCASECMP 1
| #define HAVE_DECL_MP4CREATE 0
| /* end confdefs.h.  */
| #include <mp4.h>
| 
| int
| main ()
| {
| #ifndef MP4MetadataDelete
| #ifdef __cplusplus
|   (void) MP4MetadataDelete;
| #else
|   (void) MP4MetadataDelete;
| #endif
| #endif
| 
|   ;
|   return 0;
| }
configure:18756: result: no
configure:18838: *** Building WITHOUT mp4v2 ***
configure:18871: checking whether byte ordering is bigendian
configure:18886: arm-linux-androideabi-gcc -c -DANDROID -D__ARM_ARCH_7__ -D__ARM_ARCH_7A__ -ffunction-sections -funwind-tables -Wno-psabi -march=armv7-a -mfloat-abi=softfp -mfpu=vfpv3-d16 -fomit-frame-pointer -fstrict-aliasing -funswitch-loops -Wa,--noexecstack -Os   conftest.c >&5
conftest.c:31:9: error: unknown type name 'not'
conftest.c:31:15: error: expected '=', ',', ';', 'asm' or '__attribute__' before 'universal'
conftest.c:31:15: error: unknown type name 'universal'
configure:18886: $? = 1
configure: failed program was:
| /* confdefs.h */
| #define PACKAGE_NAME "FAAC"
| #define PACKAGE_TARNAME "faac"
| #define PACKAGE_VERSION "1.28"
| #define PACKAGE_STRING "FAAC 1.28"
| #define PACKAGE_BUGREPORT "faac-dev@lists.sourceforge.net"
| #define PACKAGE_URL ""
| #define PACKAGE "faac"
| #define VERSION "1.28"
| #define STDC_HEADERS 1
| #define HAVE_SYS_TYPES_H 1
| #define HAVE_SYS_STAT_H 1
| #define HAVE_STDLIB_H 1
| #define HAVE_STRING_H 1
| #define HAVE_MEMORY_H 1
| #define HAVE_STRINGS_H 1
| #define HAVE_INTTYPES_H 1
| #define HAVE_STDINT_H 1
| #define HAVE_UNISTD_H 1
| #define HAVE_DLFCN_H 1
| #define HAVE_GETOPT_H 1
| #define HAVE_U_INT32_T 1
| #define HAVE_U_INT16_T 1
| #define HAVE_INT32_T 1
| #define HAVE_INT16_T 1
| #define HAVE_STRCASECMP 1
| #define HAVE_DECL_MP4CREATE 0
| #define HAVE_DECL_MP4METADATADELETE 0
| /* end confdefs.h.  */
| #ifndef __APPLE_CC__
| 	       not a universal capable compiler
| 	     #endif
| 	     typedef int dummy;
| 
configure:18931: arm-linux-androideabi-gcc -c -DANDROID -D__ARM_ARCH_7__ -D__ARM_ARCH_7A__ -ffunction-sections -funwind-tables -Wno-psabi -march=armv7-a -mfloat-abi=softfp -mfpu=vfpv3-d16 -fomit-frame-pointer -fstrict-aliasing -funswitch-loops -Wa,--noexecstack -Os   conftest.c >&5
conftest.c: In function 'main':
conftest.c:37:8: error: unknown type name 'bogus'
conftest.c:37:21: error: expected '=', ',', ';', 'asm' or '__attribute__' before 'macros'
configure:18931: $? = 1
configure: failed program was:
| /* confdefs.h */
| #define PACKAGE_NAME "FAAC"
| #define PACKAGE_TARNAME "faac"
| #define PACKAGE_VERSION "1.28"
| #define PACKAGE_STRING "FAAC 1.28"
| #define PACKAGE_BUGREPORT "faac-dev@lists.sourceforge.net"
| #define PACKAGE_URL ""
| #define PACKAGE "faac"
| #define VERSION "1.28"
| #define STDC_HEADERS 1
| #define HAVE_SYS_TYPES_H 1
| #define HAVE_SYS_STAT_H 1
| #define HAVE_STDLIB_H 1
| #define HAVE_STRING_H 1
| #define HAVE_MEMORY_H 1
| #define HAVE_STRINGS_H 1
| #define HAVE_INTTYPES_H 1
| #define HAVE_STDINT_H 1
| #define HAVE_UNISTD_H 1
| #define HAVE_DLFCN_H 1
| #define HAVE_GETOPT_H 1
| #define HAVE_U_INT32_T 1
| #define HAVE_U_INT16_T 1
| #define HAVE_INT32_T 1
| #define HAVE_INT16_T 1
| #define HAVE_STRCASECMP 1
| #define HAVE_DECL_MP4CREATE 0
| #define HAVE_DECL_MP4METADATADELETE 0
| /* end confdefs.h.  */
| #include <sys/types.h>
| 	     #include <sys/param.h>
| 
| int
| main ()
| {
| #if ! (defined BYTE_ORDER && defined BIG_ENDIAN 		     && defined LITTLE_ENDIAN && BYTE_ORDER && BIG_ENDIAN 		     && LITTLE_ENDIAN)
| 	      bogus endian macros
| 	     #endif
| 
|   ;
|   return 0;
| }
configure:18975: arm-linux-androideabi-gcc -c -DANDROID -D__ARM_ARCH_7__ -D__ARM_ARCH_7A__ -ffunction-sections -funwind-tables -Wno-psabi -march=armv7-a -mfloat-abi=softfp -mfpu=vfpv3-d16 -fomit-frame-pointer -fstrict-aliasing -funswitch-loops -Wa,--noexecstack -Os   conftest.c >&5
conftest.c: In function 'main':
conftest.c:36:8: error: unknown type name 'bogus'
conftest.c:36:21: error: expected '=', ',', ';', 'asm' or '__attribute__' before 'macros'
configure:18975: $? = 1
configure: failed program was:
| /* confdefs.h */
| #define PACKAGE_NAME "FAAC"
| #define PACKAGE_TARNAME "faac"
| #define PACKAGE_VERSION "1.28"
| #define PACKAGE_STRING "FAAC 1.28"
| #define PACKAGE_BUGREPORT "faac-dev@lists.sourceforge.net"
| #define PACKAGE_URL ""
| #define PACKAGE "faac"
| #define VERSION "1.28"
| #define STDC_HEADERS 1
| #define HAVE_SYS_TYPES_H 1
| #define HAVE_SYS_STAT_H 1
| #define HAVE_STDLIB_H 1
| #define HAVE_STRING_H 1
| #define HAVE_MEMORY_H 1
| #define HAVE_STRINGS_H 1
| #define HAVE_INTTYPES_H 1
| #define HAVE_STDINT_H 1
| #define HAVE_UNISTD_H 1
| #define HAVE_DLFCN_H 1
| #define HAVE_GETOPT_H 1
| #define HAVE_U_INT32_T 1
| #define HAVE_U_INT16_T 1
| #define HAVE_INT32_T 1
| #define HAVE_INT16_T 1
| #define HAVE_STRCASECMP 1
| #define HAVE_DECL_MP4CREATE 0
| #define HAVE_DECL_MP4METADATADELETE 0
| /* end confdefs.h.  */
| #include <limits.h>
| 
| int
| main ()
| {
| #if ! (defined _LITTLE_ENDIAN || defined _BIG_ENDIAN)
| 	      bogus endian macros
| 	     #endif
| 
|   ;
|   return 0;
| }
configure:19031: arm-linux-androideabi-gcc -c -DANDROID -D__ARM_ARCH_7__ -D__ARM_ARCH_7A__ -ffunction-sections -funwind-tables -Wno-psabi -march=armv7-a -mfloat-abi=softfp -mfpu=vfpv3-d16 -fomit-frame-pointer -fstrict-aliasing -funswitch-loops -Wa,--noexecstack -Os   conftest.c >&5
configure:19031: $? = 0
configure:19077: result: no
configure:19096: checking for ANSI C header files
configure:19200: result: yes
configure:19215: checking for special C compiler options needed for large files
configure:19260: result: no
configure:19266: checking for _FILE_OFFSET_BITS value needed for large files
configure:19291: arm-linux-androideabi-gcc -c -DANDROID -D__ARM_ARCH_7__ -D__ARM_ARCH_7A__ -ffunction-sections -funwind-tables -Wno-psabi -march=armv7-a -mfloat-abi=softfp -mfpu=vfpv3-d16 -fomit-frame-pointer -fstrict-aliasing -funswitch-loops -Wa,--noexecstack -Os   conftest.c >&5
conftest.c:37:3: warning: left shift count >= width of type [enabled by default]
conftest.c:37:3: warning: left shift count >= width of type [enabled by default]
conftest.c:38:10: warning: left shift count >= width of type [enabled by default]
conftest.c:38:10: warning: left shift count >= width of type [enabled by default]
conftest.c:37:7: error: size of array 'off_t_is_large' is negative
conftest.c:39:9: warning: variably modified 'off_t_is_large' at file scope [enabled by default]
configure:19291: $? = 1
configure: failed program was:
| /* confdefs.h */
| #define PACKAGE_NAME "FAAC"
| #define PACKAGE_TARNAME "faac"
| #define PACKAGE_VERSION "1.28"
| #define PACKAGE_STRING "FAAC 1.28"
| #define PACKAGE_BUGREPORT "faac-dev@lists.sourceforge.net"
| #define PACKAGE_URL ""
| #define PACKAGE "faac"
| #define VERSION "1.28"
| #define STDC_HEADERS 1
| #define HAVE_SYS_TYPES_H 1
| #define HAVE_SYS_STAT_H 1
| #define HAVE_STDLIB_H 1
| #define HAVE_STRING_H 1
| #define HAVE_MEMORY_H 1
| #define HAVE_STRINGS_H 1
| #define HAVE_INTTYPES_H 1
| #define HAVE_STDINT_H 1
| #define HAVE_UNISTD_H 1
| #define HAVE_DLFCN_H 1
| #define HAVE_GETOPT_H 1
| #define HAVE_U_INT32_T 1
| #define HAVE_U_INT16_T 1
| #define HAVE_INT32_T 1
| #define HAVE_INT16_T 1
| #define HAVE_STRCASECMP 1
| #define HAVE_DECL_MP4CREATE 0
| #define HAVE_DECL_MP4METADATADELETE 0
| #define STDC_HEADERS 1
| /* end confdefs.h.  */
| #include <sys/types.h>
|  /* Check that off_t can represent 2**63 - 1 correctly.
|     We can't simply define LARGE_OFF_T to be 9223372036854775807,
|     since some C++ compilers masquerading as C compilers
|     incorrectly reject 9223372036854775807.  */
| #define LARGE_OFF_T (((off_t) 1 << 62) - 1 + ((off_t) 1 << 62))
|   int off_t_is_large[(LARGE_OFF_T % 2147483629 == 721
| 		       && LARGE_OFF_T % 2147483647 == 1)
| 		      ? 1 : -1];
| int
| main ()
| {
| 
|   ;
|   return 0;
| }
configure:19315: arm-linux-androideabi-gcc -c -DANDROID -D__ARM_ARCH_7__ -D__ARM_ARCH_7A__ -ffunction-sections -funwind-tables -Wno-psabi -march=armv7-a -mfloat-abi=softfp -mfpu=vfpv3-d16 -fomit-frame-pointer -fstrict-aliasing -funswitch-loops -Wa,--noexecstack -Os   conftest.c >&5
conftest.c:38:3: warning: left shift count >= width of type [enabled by default]
conftest.c:38:3: warning: left shift count >= width of type [enabled by default]
conftest.c:39:10: warning: left shift count >= width of type [enabled by default]
conftest.c:39:10: warning: left shift count >= width of type [enabled by default]
conftest.c:38:7: error: size of array 'off_t_is_large' is negative
conftest.c:40:9: warning: variably modified 'off_t_is_large' at file scope [enabled by default]
configure:19315: $? = 1
configure: failed program was:
| /* confdefs.h */
| #define PACKAGE_NAME "FAAC"
| #define PACKAGE_TARNAME "faac"
| #define PACKAGE_VERSION "1.28"
| #define PACKAGE_STRING "FAAC 1.28"
| #define PACKAGE_BUGREPORT "faac-dev@lists.sourceforge.net"
| #define PACKAGE_URL ""
| #define PACKAGE "faac"
| #define VERSION "1.28"
| #define STDC_HEADERS 1
| #define HAVE_SYS_TYPES_H 1
| #define HAVE_SYS_STAT_H 1
| #define HAVE_STDLIB_H 1
| #define HAVE_STRING_H 1
| #define HAVE_MEMORY_H 1
| #define HAVE_STRINGS_H 1
| #define HAVE_INTTYPES_H 1
| #define HAVE_STDINT_H 1
| #define HAVE_UNISTD_H 1
| #define HAVE_DLFCN_H 1
| #define HAVE_GETOPT_H 1
| #define HAVE_U_INT32_T 1
| #define HAVE_U_INT16_T 1
| #define HAVE_INT32_T 1
| #define HAVE_INT16_T 1
| #define HAVE_STRCASECMP 1
| #define HAVE_DECL_MP4CREATE 0
| #define HAVE_DECL_MP4METADATADELETE 0
| #define STDC_HEADERS 1
| /* end confdefs.h.  */
| #define _FILE_OFFSET_BITS 64
| #include <sys/types.h>
|  /* Check that off_t can represent 2**63 - 1 correctly.
|     We can't simply define LARGE_OFF_T to be 9223372036854775807,
|     since some C++ compilers masquerading as C compilers
|     incorrectly reject 9223372036854775807.  */
| #define LARGE_OFF_T (((off_t) 1 << 62) - 1 + ((off_t) 1 << 62))
|   int off_t_is_large[(LARGE_OFF_T % 2147483629 == 721
| 		       && LARGE_OFF_T % 2147483647 == 1)
| 		      ? 1 : -1];
| int
| main ()
| {
| 
|   ;
|   return 0;
| }
configure:19323: result: unknown
configure:19335: checking for _LARGE_FILES value needed for large files
configure:19360: arm-linux-androideabi-gcc -c -DANDROID -D__ARM_ARCH_7__ -D__ARM_ARCH_7A__ -ffunction-sections -funwind-tables -Wno-psabi -march=armv7-a -mfloat-abi=softfp -mfpu=vfpv3-d16 -fomit-frame-pointer -fstrict-aliasing -funswitch-loops -Wa,--noexecstack -Os   conftest.c >&5
conftest.c:37:3: warning: left shift count >= width of type [enabled by default]
conftest.c:37:3: warning: left shift count >= width of type [enabled by default]
conftest.c:38:10: warning: left shift count >= width of type [enabled by default]
conftest.c:38:10: warning: left shift count >= width of type [enabled by default]
conftest.c:37:7: error: size of array 'off_t_is_large' is negative
conftest.c:39:9: warning: variably modified 'off_t_is_large' at file scope [enabled by default]
configure:19360: $? = 1
configure: failed program was:
| /* confdefs.h */
| #define PACKAGE_NAME "FAAC"
| #define PACKAGE_TARNAME "faac"
| #define PACKAGE_VERSION "1.28"
| #define PACKAGE_STRING "FAAC 1.28"
| #define PACKAGE_BUGREPORT "faac-dev@lists.sourceforge.net"
| #define PACKAGE_URL ""
| #define PACKAGE "faac"
| #define VERSION "1.28"
| #define STDC_HEADERS 1
| #define HAVE_SYS_TYPES_H 1
| #define HAVE_SYS_STAT_H 1
| #define HAVE_STDLIB_H 1
| #define HAVE_STRING_H 1
| #define HAVE_MEMORY_H 1
| #define HAVE_STRINGS_H 1
| #define HAVE_INTTYPES_H 1
| #define HAVE_STDINT_H 1
| #define HAVE_UNISTD_H 1
| #define HAVE_DLFCN_H 1
| #define HAVE_GETOPT_H 1
| #define HAVE_U_INT32_T 1
| #define HAVE_U_INT16_T 1
| #define HAVE_INT32_T 1
| #define HAVE_INT16_T 1
| #define HAVE_STRCASECMP 1
| #define HAVE_DECL_MP4CREATE 0
| #define HAVE_DECL_MP4METADATADELETE 0
| #define STDC_HEADERS 1
| /* end confdefs.h.  */
| #include <sys/types.h>
|  /* Check that off_t can represent 2**63 - 1 correctly.
|     We can't simply define LARGE_OFF_T to be 9223372036854775807,
|     since some C++ compilers masquerading as C compilers
|     incorrectly reject 9223372036854775807.  */
| #define LARGE_OFF_T (((off_t) 1 << 62) - 1 + ((off_t) 1 << 62))
|   int off_t_is_large[(LARGE_OFF_T % 2147483629 == 721
| 		       && LARGE_OFF_T % 2147483647 == 1)
| 		      ? 1 : -1];
| int
| main ()
| {
| 
|   ;
|   return 0;
| }
configure:19384: arm-linux-androideabi-gcc -c -DANDROID -D__ARM_ARCH_7__ -D__ARM_ARCH_7A__ -ffunction-sections -funwind-tables -Wno-psabi -march=armv7-a -mfloat-abi=softfp -mfpu=vfpv3-d16 -fomit-frame-pointer -fstrict-aliasing -funswitch-loops -Wa,--noexecstack -Os   conftest.c >&5
conftest.c:38:3: warning: left shift count >= width of type [enabled by default]
conftest.c:38:3: warning: left shift count >= width of type [enabled by default]
conftest.c:39:10: warning: left shift count >= width of type [enabled by default]
conftest.c:39:10: warning: left shift count >= width of type [enabled by default]
conftest.c:38:7: error: size of array 'off_t_is_large' is negative
conftest.c:40:9: warning: variably modified 'off_t_is_large' at file scope [enabled by default]
configure:19384: $? = 1
configure: failed program was:
| /* confdefs.h */
| #define PACKAGE_NAME "FAAC"
| #define PACKAGE_TARNAME "faac"
| #define PACKAGE_VERSION "1.28"
| #define PACKAGE_STRING "FAAC 1.28"
| #define PACKAGE_BUGREPORT "faac-dev@lists.sourceforge.net"
| #define PACKAGE_URL ""
| #define PACKAGE "faac"
| #define VERSION "1.28"
| #define STDC_HEADERS 1
| #define HAVE_SYS_TYPES_H 1
| #define HAVE_SYS_STAT_H 1
| #define HAVE_STDLIB_H 1
| #define HAVE_STRING_H 1
| #define HAVE_MEMORY_H 1
| #define HAVE_STRINGS_H 1
| #define HAVE_INTTYPES_H 1
| #define HAVE_STDINT_H 1
| #define HAVE_UNISTD_H 1
| #define HAVE_DLFCN_H 1
| #define HAVE_GETOPT_H 1
| #define HAVE_U_INT32_T 1
| #define HAVE_U_INT16_T 1
| #define HAVE_INT32_T 1
| #define HAVE_INT16_T 1
| #define HAVE_STRCASECMP 1
| #define HAVE_DECL_MP4CREATE 0
| #define HAVE_DECL_MP4METADATADELETE 0
| #define STDC_HEADERS 1
| /* end confdefs.h.  */
| #define _LARGE_FILES 1
| #include <sys/types.h>
|  /* Check that off_t can represent 2**63 - 1 correctly.
|     We can't simply define LARGE_OFF_T to be 9223372036854775807,
|     since some C++ compilers masquerading as C compilers
|     incorrectly reject 9223372036854775807.  */
| #define LARGE_OFF_T (((off_t) 1 << 62) - 1 + ((off_t) 1 << 62))
|   int off_t_is_large[(LARGE_OFF_T % 2147483629 == 721
| 		       && LARGE_OFF_T % 2147483647 == 1)
| 		      ? 1 : -1];
| int
| main ()
| {
| 
|   ;
|   return 0;
| }
configure:19392: result: unknown
configure:19409: checking for stdint.h
configure:19409: result: yes
configure:19409: checking for inttypes.h
configure:19409: result: yes
configure:19421: checking mathf.h usability
configure:19421: arm-linux-androideabi-gcc -c -DANDROID -D__ARM_ARCH_7__ -D__ARM_ARCH_7A__ -ffunction-sections -funwind-tables -Wno-psabi -march=armv7-a -mfloat-abi=softfp -mfpu=vfpv3-d16 -fomit-frame-pointer -fstrict-aliasing -funswitch-loops -Wa,--noexecstack -Os   conftest.c >&5
conftest.c:66:19: fatal error: mathf.h: No such file or directory
compilation terminated.
configure:19421: $? = 1
configure: failed program was:
| /* confdefs.h */
| #define PACKAGE_NAME "FAAC"
| #define PACKAGE_TARNAME "faac"
| #define PACKAGE_VERSION "1.28"
| #define PACKAGE_STRING "FAAC 1.28"
| #define PACKAGE_BUGREPORT "faac-dev@lists.sourceforge.net"
| #define PACKAGE_URL ""
| #define PACKAGE "faac"
| #define VERSION "1.28"
| #define STDC_HEADERS 1
| #define HAVE_SYS_TYPES_H 1
| #define HAVE_SYS_STAT_H 1
| #define HAVE_STDLIB_H 1
| #define HAVE_STRING_H 1
| #define HAVE_MEMORY_H 1
| #define HAVE_STRINGS_H 1
| #define HAVE_INTTYPES_H 1
| #define HAVE_STDINT_H 1
| #define HAVE_UNISTD_H 1
| #define HAVE_DLFCN_H 1
| #define HAVE_GETOPT_H 1
| #define HAVE_U_INT32_T 1
| #define HAVE_U_INT16_T 1
| #define HAVE_INT32_T 1
| #define HAVE_INT16_T 1
| #define HAVE_STRCASECMP 1
| #define HAVE_DECL_MP4CREATE 0
| #define HAVE_DECL_MP4METADATADELETE 0
| #define STDC_HEADERS 1
| #define HAVE_STDINT_H 1
| #define HAVE_INTTYPES_H 1
| /* end confdefs.h.  */
| #include <stdio.h>
| #ifdef HAVE_SYS_TYPES_H
| # include <sys/types.h>
| #endif
| #ifdef HAVE_SYS_STAT_H
| # include <sys/stat.h>
| #endif
| #ifdef STDC_HEADERS
| # include <stdlib.h>
| # include <stddef.h>
| #else
| # ifdef HAVE_STDLIB_H
| #  include <stdlib.h>
| # endif
| #endif
| #ifdef HAVE_STRING_H
| # if !defined STDC_HEADERS && defined HAVE_MEMORY_H
| #  include <memory.h>
| # endif
| # include <string.h>
| #endif
| #ifdef HAVE_STRINGS_H
| # include <strings.h>
| #endif
| #ifdef HAVE_INTTYPES_H
| # include <inttypes.h>
| #endif
| #ifdef HAVE_STDINT_H
| # include <stdint.h>
| #endif
| #ifdef HAVE_UNISTD_H
| # include <unistd.h>
| #endif
| #include <mathf.h>
configure:19421: result: no
configure:19421: checking mathf.h presence
configure:19421: arm-linux-androideabi-gcc -E  conftest.c
conftest.c:33:19: fatal error: mathf.h: No such file or directory
compilation terminated.
configure:19421: $? = 1
configure: failed program was:
| /* confdefs.h */
| #define PACKAGE_NAME "FAAC"
| #define PACKAGE_TARNAME "faac"
| #define PACKAGE_VERSION "1.28"
| #define PACKAGE_STRING "FAAC 1.28"
| #define PACKAGE_BUGREPORT "faac-dev@lists.sourceforge.net"
| #define PACKAGE_URL ""
| #define PACKAGE "faac"
| #define VERSION "1.28"
| #define STDC_HEADERS 1
| #define HAVE_SYS_TYPES_H 1
| #define HAVE_SYS_STAT_H 1
| #define HAVE_STDLIB_H 1
| #define HAVE_STRING_H 1
| #define HAVE_MEMORY_H 1
| #define HAVE_STRINGS_H 1
| #define HAVE_INTTYPES_H 1
| #define HAVE_STDINT_H 1
| #define HAVE_UNISTD_H 1
| #define HAVE_DLFCN_H 1
| #define HAVE_GETOPT_H 1
| #define HAVE_U_INT32_T 1
| #define HAVE_U_INT16_T 1
| #define HAVE_INT32_T 1
| #define HAVE_INT16_T 1
| #define HAVE_STRCASECMP 1
| #define HAVE_DECL_MP4CREATE 0
| #define HAVE_DECL_MP4METADATADELETE 0
| #define STDC_HEADERS 1
| #define HAVE_STDINT_H 1
| #define HAVE_INTTYPES_H 1
| /* end confdefs.h.  */
| #include <mathf.h>
configure:19421: result: no
configure:19421: checking for mathf.h
configure:19421: result: no
configure:19433: checking float.h usability
configure:19433: arm-linux-androideabi-gcc -c -DANDROID -D__ARM_ARCH_7__ -D__ARM_ARCH_7A__ -ffunction-sections -funwind-tables -Wno-psabi -march=armv7-a -mfloat-abi=softfp -mfpu=vfpv3-d16 -fomit-frame-pointer -fstrict-aliasing -funswitch-loops -Wa,--noexecstack -Os   conftest.c >&5
configure:19433: $? = 0
configure:19433: result: yes
configure:19433: checking float.h presence
configure:19433: arm-linux-androideabi-gcc -E  conftest.c
configure:19433: $? = 0
configure:19433: result: yes
configure:19433: checking for float.h
configure:19433: result: yes
configure:19443: checking whether strchr is declared
configure:19443: arm-linux-androideabi-gcc -c -DANDROID -D__ARM_ARCH_7__ -D__ARM_ARCH_7A__ -ffunction-sections -funwind-tables -Wno-psabi -march=armv7-a -mfloat-abi=softfp -mfpu=vfpv3-d16 -fomit-frame-pointer -fstrict-aliasing -funswitch-loops -Wa,--noexecstack -Os   conftest.c >&5
configure:19443: $? = 0
configure:19443: result: yes
configure:19450: checking whether memcpy is declared
configure:19450: arm-linux-androideabi-gcc -c -DANDROID -D__ARM_ARCH_7__ -D__ARM_ARCH_7A__ -ffunction-sections -funwind-tables -Wno-psabi -march=armv7-a -mfloat-abi=softfp -mfpu=vfpv3-d16 -fomit-frame-pointer -fstrict-aliasing -funswitch-loops -Wa,--noexecstack -Os   conftest.c >&5
configure:19450: $? = 0
configure:19450: result: yes
configure:19457: checking whether strsep is declared
configure:19457: arm-linux-androideabi-gcc -c -DANDROID -D__ARM_ARCH_7__ -D__ARM_ARCH_7A__ -ffunction-sections -funwind-tables -Wno-psabi -march=armv7-a -mfloat-abi=softfp -mfpu=vfpv3-d16 -fomit-frame-pointer -fstrict-aliasing -funswitch-loops -Wa,--noexecstack -Os   conftest.c >&5
configure:19457: $? = 0
configure:19457: result: yes
configure:19466: checking sys/time.h usability
configure:19466: arm-linux-androideabi-gcc -c -DANDROID -D__ARM_ARCH_7__ -D__ARM_ARCH_7A__ -ffunction-sections -funwind-tables -Wno-psabi -march=armv7-a -mfloat-abi=softfp -mfpu=vfpv3-d16 -fomit-frame-pointer -fstrict-aliasing -funswitch-loops -Wa,--noexecstack -Os   conftest.c >&5
configure:19466: $? = 0
configure:19466: result: yes
configure:19466: checking sys/time.h presence
configure:19466: arm-linux-androideabi-gcc -E  conftest.c
configure:19466: $? = 0
configure:19466: result: yes
configure:19466: checking for sys/time.h
configure:19466: result: yes
configure:19476: checking whether time.h and sys/time.h may both be included
configure:19496: arm-linux-androideabi-gcc -c -DANDROID -D__ARM_ARCH_7__ -D__ARM_ARCH_7A__ -ffunction-sections -funwind-tables -Wno-psabi -march=armv7-a -mfloat-abi=softfp -mfpu=vfpv3-d16 -fomit-frame-pointer -fstrict-aliasing -funswitch-loops -Wa,--noexecstack -Os   conftest.c >&5
configure:19496: $? = 0
configure:19503: result: yes
configure:19511: checking for off_t
configure:19511: arm-linux-androideabi-gcc -c -DANDROID -D__ARM_ARCH_7__ -D__ARM_ARCH_7A__ -ffunction-sections -funwind-tables -Wno-psabi -march=armv7-a -mfloat-abi=softfp -mfpu=vfpv3-d16 -fomit-frame-pointer -fstrict-aliasing -funswitch-loops -Wa,--noexecstack -Os   conftest.c >&5
configure:19511: $? = 0
configure:19511: arm-linux-androideabi-gcc -c -DANDROID -D__ARM_ARCH_7__ -D__ARM_ARCH_7A__ -ffunction-sections -funwind-tables -Wno-psabi -march=armv7-a -mfloat-abi=softfp -mfpu=vfpv3-d16 -fomit-frame-pointer -fstrict-aliasing -funswitch-loops -Wa,--noexecstack -Os   conftest.c >&5
conftest.c: In function 'main':
conftest.c:75:20: error: expected expression before ')' token
configure:19511: $? = 1
configure: failed program was:
| /* confdefs.h */
| #define PACKAGE_NAME "FAAC"
| #define PACKAGE_TARNAME "faac"
| #define PACKAGE_VERSION "1.28"
| #define PACKAGE_STRING "FAAC 1.28"
| #define PACKAGE_BUGREPORT "faac-dev@lists.sourceforge.net"
| #define PACKAGE_URL ""
| #define PACKAGE "faac"
| #define VERSION "1.28"
| #define STDC_HEADERS 1
| #define HAVE_SYS_TYPES_H 1
| #define HAVE_SYS_STAT_H 1
| #define HAVE_STDLIB_H 1
| #define HAVE_STRING_H 1
| #define HAVE_MEMORY_H 1
| #define HAVE_STRINGS_H 1
| #define HAVE_INTTYPES_H 1
| #define HAVE_STDINT_H 1
| #define HAVE_UNISTD_H 1
| #define HAVE_DLFCN_H 1
| #define HAVE_GETOPT_H 1
| #define HAVE_U_INT32_T 1
| #define HAVE_U_INT16_T 1
| #define HAVE_INT32_T 1
| #define HAVE_INT16_T 1
| #define HAVE_STRCASECMP 1
| #define HAVE_DECL_MP4CREATE 0
| #define HAVE_DECL_MP4METADATADELETE 0
| #define STDC_HEADERS 1
| #define HAVE_STDINT_H 1
| #define HAVE_INTTYPES_H 1
| #define HAVE_FLOAT_H 1
| #define HAVE_STRCHR 1
| #define HAVE_MEMCPY 1
| #define HAVE_STRSEP 1
| #define HAVE_SYS_TIME_H 1
| #define TIME_WITH_SYS_TIME 1
| /* end confdefs.h.  */
| #include <stdio.h>
| #ifdef HAVE_SYS_TYPES_H
| # include <sys/types.h>
| #endif
| #ifdef HAVE_SYS_STAT_H
| # include <sys/stat.h>
| #endif
| #ifdef STDC_HEADERS
| # include <stdlib.h>
| # include <stddef.h>
| #else
| # ifdef HAVE_STDLIB_H
| #  include <stdlib.h>
| # endif
| #endif
| #ifdef HAVE_STRING_H
| # if !defined STDC_HEADERS && defined HAVE_MEMORY_H
| #  include <memory.h>
| # endif
| # include <string.h>
| #endif
| #ifdef HAVE_STRINGS_H
| # include <strings.h>
| #endif
| #ifdef HAVE_INTTYPES_H
| # include <inttypes.h>
| #endif
| #ifdef HAVE_STDINT_H
| # include <stdint.h>
| #endif
| #ifdef HAVE_UNISTD_H
| # include <unistd.h>
| #endif
| int
| main ()
| {
| if (sizeof ((off_t)))
| 	    return 0;
|   ;
|   return 0;
| }
configure:19511: result: yes
configure:19522: checking for in_port_t
configure:19522: arm-linux-androideabi-gcc -c -DANDROID -D__ARM_ARCH_7__ -D__ARM_ARCH_7A__ -ffunction-sections -funwind-tables -Wno-psabi -march=armv7-a -mfloat-abi=softfp -mfpu=vfpv3-d16 -fomit-frame-pointer -fstrict-aliasing -funswitch-loops -Wa,--noexecstack -Os   conftest.c >&5
conftest.c: In function 'main':
conftest.c:46:13: error: 'in_port_t' undeclared (first use in this function)
conftest.c:46:13: note: each undeclared identifier is reported only once for each function it appears in
configure:19522: $? = 1
configure: failed program was:
| /* confdefs.h */
| #define PACKAGE_NAME "FAAC"
| #define PACKAGE_TARNAME "faac"
| #define PACKAGE_VERSION "1.28"
| #define PACKAGE_STRING "FAAC 1.28"
| #define PACKAGE_BUGREPORT "faac-dev@lists.sourceforge.net"
| #define PACKAGE_URL ""
| #define PACKAGE "faac"
| #define VERSION "1.28"
| #define STDC_HEADERS 1
| #define HAVE_SYS_TYPES_H 1
| #define HAVE_SYS_STAT_H 1
| #define HAVE_STDLIB_H 1
| #define HAVE_STRING_H 1
| #define HAVE_MEMORY_H 1
| #define HAVE_STRINGS_H 1
| #define HAVE_INTTYPES_H 1
| #define HAVE_STDINT_H 1
| #define HAVE_UNISTD_H 1
| #define HAVE_DLFCN_H 1
| #define HAVE_GETOPT_H 1
| #define HAVE_U_INT32_T 1
| #define HAVE_U_INT16_T 1
| #define HAVE_INT32_T 1
| #define HAVE_INT16_T 1
| #define HAVE_STRCASECMP 1
| #define HAVE_DECL_MP4CREATE 0
| #define HAVE_DECL_MP4METADATADELETE 0
| #define STDC_HEADERS 1
| #define HAVE_STDINT_H 1
| #define HAVE_INTTYPES_H 1
| #define HAVE_FLOAT_H 1
| #define HAVE_STRCHR 1
| #define HAVE_MEMCPY 1
| #define HAVE_STRSEP 1
| #define HAVE_SYS_TIME_H 1
| #define TIME_WITH_SYS_TIME 1
| /* end confdefs.h.  */
| #include <sys/types.h>
| 	 #include <sys/socket.h>
| 	 #include <netinet/in.h>
| 
| int
| main ()
| {
| if (sizeof (in_port_t))
| 	 return 0;
|   ;
|   return 0;
| }
configure:19522: result: no
configure:19534: checking for socklen_t
configure:19534: arm-linux-androideabi-gcc -c -DANDROID -D__ARM_ARCH_7__ -D__ARM_ARCH_7A__ -ffunction-sections -funwind-tables -Wno-psabi -march=armv7-a -mfloat-abi=softfp -mfpu=vfpv3-d16 -fomit-frame-pointer -fstrict-aliasing -funswitch-loops -Wa,--noexecstack -Os   conftest.c >&5
configure:19534: $? = 0
configure:19534: arm-linux-androideabi-gcc -c -DANDROID -D__ARM_ARCH_7__ -D__ARM_ARCH_7A__ -ffunction-sections -funwind-tables -Wno-psabi -march=armv7-a -mfloat-abi=softfp -mfpu=vfpv3-d16 -fomit-frame-pointer -fstrict-aliasing -funswitch-loops -Wa,--noexecstack -Os   conftest.c >&5
conftest.c: In function 'main':
conftest.c:46:24: error: expected expression before ')' token
configure:19534: $? = 1
configure: failed program was:
| /* confdefs.h */
| #define PACKAGE_NAME "FAAC"
| #define PACKAGE_TARNAME "faac"
| #define PACKAGE_VERSION "1.28"
| #define PACKAGE_STRING "FAAC 1.28"
| #define PACKAGE_BUGREPORT "faac-dev@lists.sourceforge.net"
| #define PACKAGE_URL ""
| #define PACKAGE "faac"
| #define VERSION "1.28"
| #define STDC_HEADERS 1
| #define HAVE_SYS_TYPES_H 1
| #define HAVE_SYS_STAT_H 1
| #define HAVE_STDLIB_H 1
| #define HAVE_STRING_H 1
| #define HAVE_MEMORY_H 1
| #define HAVE_STRINGS_H 1
| #define HAVE_INTTYPES_H 1
| #define HAVE_STDINT_H 1
| #define HAVE_UNISTD_H 1
| #define HAVE_DLFCN_H 1
| #define HAVE_GETOPT_H 1
| #define HAVE_U_INT32_T 1
| #define HAVE_U_INT16_T 1
| #define HAVE_INT32_T 1
| #define HAVE_INT16_T 1
| #define HAVE_STRCASECMP 1
| #define HAVE_DECL_MP4CREATE 0
| #define HAVE_DECL_MP4METADATADELETE 0
| #define STDC_HEADERS 1
| #define HAVE_STDINT_H 1
| #define HAVE_INTTYPES_H 1
| #define HAVE_FLOAT_H 1
| #define HAVE_STRCHR 1
| #define HAVE_MEMCPY 1
| #define HAVE_STRSEP 1
| #define HAVE_SYS_TIME_H 1
| #define TIME_WITH_SYS_TIME 1
| /* end confdefs.h.  */
| #include <sys/types.h>
| 	 #include <sys/socket.h>
| 	 #include <netinet/in.h>
| 
| int
| main ()
| {
| if (sizeof ((socklen_t)))
| 	    return 0;
|   ;
|   return 0;
| }
configure:19534: result: yes
configure:19547: checking for fpos_t.__pos
configure:19547: arm-linux-androideabi-gcc -c -DANDROID -D__ARM_ARCH_7__ -D__ARM_ARCH_7A__ -ffunction-sections -funwind-tables -Wno-psabi -march=armv7-a -mfloat-abi=softfp -mfpu=vfpv3-d16 -fomit-frame-pointer -fstrict-aliasing -funswitch-loops -Wa,--noexecstack -Os   conftest.c >&5
conftest.c: In function 'main':
conftest.c:46:12: error: request for member '__pos' in something not a structure or union
configure:19547: $? = 1
configure: failed program was:
| /* confdefs.h */
| #define PACKAGE_NAME "FAAC"
| #define PACKAGE_TARNAME "faac"
| #define PACKAGE_VERSION "1.28"
| #define PACKAGE_STRING "FAAC 1.28"
| #define PACKAGE_BUGREPORT "faac-dev@lists.sourceforge.net"
| #define PACKAGE_URL ""
| #define PACKAGE "faac"
| #define VERSION "1.28"
| #define STDC_HEADERS 1
| #define HAVE_SYS_TYPES_H 1
| #define HAVE_SYS_STAT_H 1
| #define HAVE_STDLIB_H 1
| #define HAVE_STRING_H 1
| #define HAVE_MEMORY_H 1
| #define HAVE_STRINGS_H 1
| #define HAVE_INTTYPES_H 1
| #define HAVE_STDINT_H 1
| #define HAVE_UNISTD_H 1
| #define HAVE_DLFCN_H 1
| #define HAVE_GETOPT_H 1
| #define HAVE_U_INT32_T 1
| #define HAVE_U_INT16_T 1
| #define HAVE_INT32_T 1
| #define HAVE_INT16_T 1
| #define HAVE_STRCASECMP 1
| #define HAVE_DECL_MP4CREATE 0
| #define HAVE_DECL_MP4METADATADELETE 0
| #define STDC_HEADERS 1
| #define HAVE_STDINT_H 1
| #define HAVE_INTTYPES_H 1
| #define HAVE_FLOAT_H 1
| #define HAVE_STRCHR 1
| #define HAVE_MEMCPY 1
| #define HAVE_STRSEP 1
| #define HAVE_SYS_TIME_H 1
| #define TIME_WITH_SYS_TIME 1
| #define HAVE_SOCKLEN_T 1
| /* end confdefs.h.  */
| #include <stdio.h>
| 
| int
| main ()
| {
| static fpos_t ac_aggr;
| if (ac_aggr.__pos)
| return 0;
|   ;
|   return 0;
| }
configure:19547: arm-linux-androideabi-gcc -c -DANDROID -D__ARM_ARCH_7__ -D__ARM_ARCH_7A__ -ffunction-sections -funwind-tables -Wno-psabi -march=armv7-a -mfloat-abi=softfp -mfpu=vfpv3-d16 -fomit-frame-pointer -fstrict-aliasing -funswitch-loops -Wa,--noexecstack -Os   conftest.c >&5
conftest.c: In function 'main':
conftest.c:46:19: error: request for member '__pos' in something not a structure or union
configure:19547: $? = 1
configure: failed program was:
| /* confdefs.h */
| #define PACKAGE_NAME "FAAC"
| #define PACKAGE_TARNAME "faac"
| #define PACKAGE_VERSION "1.28"
| #define PACKAGE_STRING "FAAC 1.28"
| #define PACKAGE_BUGREPORT "faac-dev@lists.sourceforge.net"
| #define PACKAGE_URL ""
| #define PACKAGE "faac"
| #define VERSION "1.28"
| #define STDC_HEADERS 1
| #define HAVE_SYS_TYPES_H 1
| #define HAVE_SYS_STAT_H 1
| #define HAVE_STDLIB_H 1
| #define HAVE_STRING_H 1
| #define HAVE_MEMORY_H 1
| #define HAVE_STRINGS_H 1
| #define HAVE_INTTYPES_H 1
| #define HAVE_STDINT_H 1
| #define HAVE_UNISTD_H 1
| #define HAVE_DLFCN_H 1
| #define HAVE_GETOPT_H 1
| #define HAVE_U_INT32_T 1
| #define HAVE_U_INT16_T 1
| #define HAVE_INT32_T 1
| #define HAVE_INT16_T 1
| #define HAVE_STRCASECMP 1
| #define HAVE_DECL_MP4CREATE 0
| #define HAVE_DECL_MP4METADATADELETE 0
| #define STDC_HEADERS 1
| #define HAVE_STDINT_H 1
| #define HAVE_INTTYPES_H 1
| #define HAVE_FLOAT_H 1
| #define HAVE_STRCHR 1
| #define HAVE_MEMCPY 1
| #define HAVE_STRSEP 1
| #define HAVE_SYS_TIME_H 1
| #define TIME_WITH_SYS_TIME 1
| #define HAVE_SOCKLEN_T 1
| /* end confdefs.h.  */
| #include <stdio.h>
| 
| int
| main ()
| {
| static fpos_t ac_aggr;
| if (sizeof ac_aggr.__pos)
| return 0;
|   ;
|   return 0;
| }
configure:19547: result: no
configure:19704: creating ./config.status

## ---------------------- ##
## Running config.status. ##
## ---------------------- ##

This file was extended by FAAC config.status 1.28, which was
generated by GNU Autoconf 2.68.  Invocation command line was

  CONFIG_FILES    = 
  CONFIG_HEADERS  = 
  CONFIG_LINKS    = 
  CONFIG_COMMANDS = 
  $ ./config.status 

on dzhao2x-desktop

config.status:913: creating common/Makefile
config.status:913: creating common/mp4v2/Makefile
config.status:913: creating libfaac/Makefile
config.status:913: creating frontend/Makefile
config.status:913: creating include/Makefile
config.status:913: creating Makefile
config.status:913: creating config.h
config.status:1166: executing depfiles commands

## ---------------- ##
## Cache variables. ##
## ---------------- ##

ac_cv_build=x86_64-unknown-linux-gnu
ac_cv_c_bigendian=no
ac_cv_c_compiler_gnu=yes
ac_cv_cxx_compiler_gnu=yes
ac_cv_env_CCC_set=
ac_cv_env_CCC_value=
ac_cv_env_CC_set=set
ac_cv_env_CC_value=arm-linux-androideabi-gcc
ac_cv_env_CFLAGS_set=set
ac_cv_env_CFLAGS_value='-DANDROID -D__ARM_ARCH_7__ -D__ARM_ARCH_7A__ -ffunction-sections -funwind-tables -Wno-psabi -march=armv7-a -mfloat-abi=softfp -mfpu=vfpv3-d16 -fomit-frame-pointer -fstrict-aliasing -funswitch-loops -Wa,--noexecstack -Os '
ac_cv_env_CPPFLAGS_set=set
ac_cv_env_CPPFLAGS_value=
ac_cv_env_CPP_set=
ac_cv_env_CPP_value=
ac_cv_env_CXXCPP_set=
ac_cv_env_CXXCPP_value=
ac_cv_env_CXXFLAGS_set=set
ac_cv_env_CXXFLAGS_value='-DANDROID -D__ARM_ARCH_7__ -D__ARM_ARCH_7A__ -ffunction-sections -funwind-tables -Wno-psabi -march=armv7-a -mfloat-abi=softfp -mfpu=vfpv3-d16 -fno-exceptions -fno-rtti -mthumb -fomit-frame-pointer -fno-strict-aliasing -finline-limit=64 -Wa,--noexecstack -Os '
ac_cv_env_CXX_set=set
ac_cv_env_CXX_value=arm-linux-androideabi-g++
ac_cv_env_F77_set=
ac_cv_env_F77_value=
ac_cv_env_FFLAGS_set=
ac_cv_env_FFLAGS_value=
ac_cv_env_LDFLAGS_set=
ac_cv_env_LDFLAGS_value=
ac_cv_env_LIBS_set=
ac_cv_env_LIBS_value=
ac_cv_env_build_alias_set=
ac_cv_env_build_alias_value=
ac_cv_env_host_alias_set=set
ac_cv_env_host_alias_value=arm-linux
ac_cv_env_target_alias_set=
ac_cv_env_target_alias_value=
ac_cv_f77_compiler_gnu=no
ac_cv_have_decl_MP4Create=no
ac_cv_have_decl_MP4MetadataDelete=no
ac_cv_have_decl_memcpy=yes
ac_cv_have_decl_strcasecmp=yes
ac_cv_have_decl_strchr=yes
ac_cv_have_decl_strsep=yes
ac_cv_header_dlfcn_h=yes
ac_cv_header_float_h=yes
ac_cv_header_getopt_h=yes
ac_cv_header_inttypes_h=yes
ac_cv_header_mathf_h=no
ac_cv_header_memory_h=yes
ac_cv_header_stdc=yes
ac_cv_header_stdint_h=yes
ac_cv_header_stdlib_h=yes
ac_cv_header_string_h=yes
ac_cv_header_strings_h=yes
ac_cv_header_sys_stat_h=yes
ac_cv_header_sys_time_h=yes
ac_cv_header_sys_types_h=yes
ac_cv_header_time=yes
ac_cv_header_unistd_h=yes
ac_cv_host=arm-unknown-linux-gnu
ac_cv_lib_gnugetopt_getopt_long=no
ac_cv_member_fpos_t___pos=no
ac_cv_objext=o
ac_cv_path_EGREP='/bin/grep -E'
ac_cv_path_GREP=/bin/grep
ac_cv_path_install='/usr/bin/install -c'
ac_cv_prog_AR=arm-linux-androideabi-ar
ac_cv_prog_AWK=mawk
ac_cv_prog_CC=arm-linux-androideabi-gcc
ac_cv_prog_CPP='arm-linux-androideabi-gcc -E'
ac_cv_prog_CXXCPP='arm-linux-androideabi-g++ -E'
ac_cv_prog_RANLIB=arm-linux-androideabi-ranlib
ac_cv_prog_STRIP=arm-linux-androideabi-strip
ac_cv_prog_cc_c89=
ac_cv_prog_cc_g=yes
ac_cv_prog_cxx_g=yes
ac_cv_prog_f77_g=no
ac_cv_prog_make_make_set=yes
ac_cv_sys_file_offset_bits=unknown
ac_cv_sys_large_files=unknown
ac_cv_sys_largefile_CC=no
ac_cv_type_in_port_t=no
ac_cv_type_int16_t=yes
ac_cv_type_int32_t=yes
ac_cv_type_off_t=yes
ac_cv_type_socklen_t=yes
ac_cv_type_u_int16_t=yes
ac_cv_type_u_int32_t=yes
am_cv_CC_dependencies_compiler_type=none
am_cv_CXX_dependencies_compiler_type=none
lt_cv_deplibs_check_method=pass_all
lt_cv_file_magic_cmd='$MAGIC_CMD'
lt_cv_file_magic_test_file=
lt_cv_ld_reload_flag=-r
lt_cv_objdir=.libs
lt_cv_path_LD=arm-linux-androideabi-ld
lt_cv_path_LDCXX=arm-linux-androideabi-ld
lt_cv_path_NM=arm-linux-androideabi-nm
lt_cv_path_SED=/bin/sed
lt_cv_prog_compiler_c_o=yes
lt_cv_prog_compiler_c_o_CXX=yes
lt_cv_prog_compiler_rtti_exceptions=no
lt_cv_prog_gnu_ld=yes
lt_cv_prog_gnu_ldcxx=yes
lt_cv_sys_global_symbol_pipe='sed -n -e '\''s/^.*[ 	]\([ABCDGIRSTW][ABCDGIRSTW]*\)[ 	][ 	]*\([_A-Za-z][_A-Za-z0-9]*\)$/\1 \2 \2/p'\'''
lt_cv_sys_global_symbol_to_c_name_address='sed -n -e '\''s/^: \([^ ]*\) $/  {\"\1\", (lt_ptr) 0},/p'\'' -e '\''s/^[BCDEGRST] \([^ ]*\) \([^ ]*\)$/  {"\2", (lt_ptr) \&\2},/p'\'''
lt_cv_sys_global_symbol_to_cdecl='sed -n -e '\''s/^. .* \(.*\)$/extern int \1;/p'\'''
lt_cv_sys_max_cmd_len=32768
lt_lt_cv_prog_compiler_c_o='"yes"'
lt_lt_cv_prog_compiler_c_o_CXX='"yes"'
lt_lt_cv_sys_global_symbol_pipe='"sed -n -e '\''s/^.*[ 	]\\([ABCDGIRSTW][ABCDGIRSTW]*\\)[ 	][ 	]*\\([_A-Za-z][_A-Za-z0-9]*\\)\$/\\1 \\2 \\2/p'\''"'
lt_lt_cv_sys_global_symbol_to_c_name_address='"sed -n -e '\''s/^: \\([^ ]*\\) \$/  {\\\"\\1\\\", (lt_ptr) 0},/p'\'' -e '\''s/^[BCDEGRST] \\([^ ]*\\) \\([^ ]*\\)\$/  {\"\\2\", (lt_ptr) \\&\\2},/p'\''"'
lt_lt_cv_sys_global_symbol_to_cdecl='"sed -n -e '\''s/^. .* \\(.*\\)\$/extern int \\1;/p'\''"'

## ----------------- ##
## Output variables. ##
## ----------------- ##

ACLOCAL='${SHELL} /home/dzhao2x/android-ffmpeg-x264-faac-latest/faac/missing --run aclocal-1.9'
AMDEPBACKSLASH=''
AMDEP_FALSE=''
AMDEP_TRUE='#'
AMTAR='${SHELL} /home/dzhao2x/android-ffmpeg-x264-faac-latest/faac/missing --run tar'
AR='arm-linux-androideabi-ar'
AUTOCONF='${SHELL} /home/dzhao2x/android-ffmpeg-x264-faac-latest/faac/missing --run autoconf'
AUTOHEADER='${SHELL} /home/dzhao2x/android-ffmpeg-x264-faac-latest/faac/missing --run autoheader'
AUTOMAKE='${SHELL} /home/dzhao2x/android-ffmpeg-x264-faac-latest/faac/missing --run automake-1.9'
AWK='mawk'
CC='arm-linux-androideabi-gcc'
CCDEPMODE='depmode=none'
CFLAGS='-DANDROID -D__ARM_ARCH_7__ -D__ARM_ARCH_7A__ -ffunction-sections -funwind-tables -Wno-psabi -march=armv7-a -mfloat-abi=softfp -mfpu=vfpv3-d16 -fomit-frame-pointer -fstrict-aliasing -funswitch-loops -Wa,--noexecstack -Os '
CPP='arm-linux-androideabi-gcc -E'
CPPFLAGS=''
CXX='arm-linux-androideabi-g++'
CXXCPP='arm-linux-androideabi-g++ -E'
CXXDEPMODE='depmode=none'
CXXFLAGS='-DANDROID -D__ARM_ARCH_7__ -D__ARM_ARCH_7A__ -ffunction-sections -funwind-tables -Wno-psabi -march=armv7-a -mfloat-abi=softfp -mfpu=vfpv3-d16 -fno-exceptions -fno-rtti -mthumb -fomit-frame-pointer -fno-strict-aliasing -finline-limit=64 -Wa,--noexecstack -Os '
CYGPATH_W='echo'
DEFS='-DHAVE_CONFIG_H'
DEPDIR='.deps'
ECHO='echo'
ECHO_C=''
ECHO_N='-n'
ECHO_T=''
EGREP='/bin/grep -E'
EXEEXT=''
F77=''
FFLAGS=''
GREP='/bin/grep'
INSTALL_DATA='${INSTALL} -m 644'
INSTALL_PROGRAM='${INSTALL}'
INSTALL_SCRIPT='${INSTALL}'
INSTALL_STRIP_PROGRAM='${SHELL} $(install_sh) -c -s'
LDFLAGS=''
LIBOBJS=''
LIBS=''
LIBTOOL='$(SHELL) $(top_builddir)/libtool'
LN_S='ln -s'
LTLIBOBJS=''
MAKEINFO='${SHELL} /home/dzhao2x/android-ffmpeg-x264-faac-latest/faac/missing --run makeinfo'
OBJEXT='o'
PACKAGE='faac'
PACKAGE_BUGREPORT='faac-dev@lists.sourceforge.net'
PACKAGE_NAME='FAAC'
PACKAGE_STRING='FAAC 1.28'
PACKAGE_TARNAME='faac'
PACKAGE_URL=''
PACKAGE_VERSION='1.28'
PATH_SEPARATOR=':'
RANLIB='arm-linux-androideabi-ranlib'
SET_MAKE=''
SHELL='/bin/bash'
STRIP='arm-linux-androideabi-strip'
USE_DRM_FALSE=''
USE_DRM_TRUE='#'
VERSION='1.28'
WITH_MP4V2_FALSE=''
WITH_MP4V2_TRUE='#'
ac_ct_CC=''
ac_ct_CXX=''
ac_ct_F77=''
am__fastdepCC_FALSE=''
am__fastdepCC_TRUE='#'
am__fastdepCXX_FALSE=''
am__fastdepCXX_TRUE='#'
am__include='include'
am__leading_dot='.'
am__quote=''
am__tar='${AMTAR} chof - "$$tardir"'
am__untar='${AMTAR} xf -'
bindir='${exec_prefix}/bin'
build='x86_64-unknown-linux-gnu'
build_alias=''
build_cpu='x86_64'
build_os='linux-gnu'
build_vendor='unknown'
datadir='${datarootdir}'
datarootdir='${prefix}/share'
docdir='${datarootdir}/doc/${PACKAGE_TARNAME}'
dvidir='${docdir}'
exec_prefix='${prefix}'
host='arm-unknown-linux-gnu'
host_alias='arm-linux'
host_cpu='arm'
host_os='linux-gnu'
host_vendor='unknown'
htmldir='${docdir}'
includedir='${prefix}/include'
infodir='${datarootdir}/info'
install_sh='/home/dzhao2x/android-ffmpeg-x264-faac-latest/faac/install-sh'
libdir='${exec_prefix}/lib'
libexecdir='${exec_prefix}/libexec'
localedir='${datarootdir}/locale'
localstatedir='${prefix}/var'
mandir='${datarootdir}/man'
mkdir_p='mkdir -p --'
oldincludedir='/usr/include'
pdfdir='${docdir}'
prefix='/home/dzhao2x/android-ffmpeg-x264-faac-latest/output'
program_transform_name='s,x,x,'
psdir='${docdir}'
sbindir='${exec_prefix}/sbin'
sharedstatedir='${prefix}/com'
sysconfdir='${prefix}/etc'
target_alias=''

## ----------- ##
## confdefs.h. ##
## ----------- ##

/* confdefs.h */
#define PACKAGE_NAME "FAAC"
#define PACKAGE_TARNAME "faac"
#define PACKAGE_VERSION "1.28"
#define PACKAGE_STRING "FAAC 1.28"
#define PACKAGE_BUGREPORT "faac-dev@lists.sourceforge.net"
#define PACKAGE_URL ""
#define PACKAGE "faac"
#define VERSION "1.28"
#define STDC_HEADERS 1
#define HAVE_SYS_TYPES_H 1
#define HAVE_SYS_STAT_H 1
#define HAVE_STDLIB_H 1
#define HAVE_STRING_H 1
#define HAVE_MEMORY_H 1
#define HAVE_STRINGS_H 1
#define HAVE_INTTYPES_H 1
#define HAVE_STDINT_H 1
#define HAVE_UNISTD_H 1
#define HAVE_DLFCN_H 1
#define HAVE_GETOPT_H 1
#define HAVE_U_INT32_T 1
#define HAVE_U_INT16_T 1
#define HAVE_INT32_T 1
#define HAVE_INT16_T 1
#define HAVE_STRCASECMP 1
#define HAVE_DECL_MP4CREATE 0
#define HAVE_DECL_MP4METADATADELETE 0
#define STDC_HEADERS 1
#define HAVE_STDINT_H 1
#define HAVE_INTTYPES_H 1
#define HAVE_FLOAT_H 1
#define HAVE_STRCHR 1
#define HAVE_MEMCPY 1
#define HAVE_STRSEP 1
#define HAVE_SYS_TIME_H 1
#define TIME_WITH_SYS_TIME 1
#define HAVE_SOCKLEN_T 1

configure: exit 0
